<?xml version="1.0" encoding="UTF-8"?>
<robot generator="Robot 7.2.2 (Python 3.10.0 on darwin)" generated="2025-06-17T09:10:30.026332" rpa="false" schemaversion="5">
<suite id="s1" name="Fiscalização por Sensoriamento Remoto" source="/Users/C12538Q/Documents/RobotFrameworkAgroReport/test/Fiscalização_por_Sensoriamento_Remoto.robot">
<test id="s1-t1" name="Solicitar Importação do arquivo .csv Fiscalização por Sensoriamento Remoto Tipo de Resolução BACEN" line="76">
<kw name="Login no Farm" owner="resource">
<kw name="Abrir Browser" owner="resource">
<kw name="Open Browser" owner="SeleniumLibrary">
<msg time="2025-06-17T09:10:31.398904" level="INFO">Opening browser 'firefox' to base url 'https://dev-farmcheck.brainag.app/login'.</msg>
<arg>${url}</arg>
<arg>${browser}</arg>
<doc>Opens a new browser instance to the optional ``url``.</doc>
<status status="PASS" start="2025-06-17T09:10:31.398725" elapsed="8.080757"/>
</kw>
<kw name="Maximize Browser Window" owner="SeleniumLibrary">
<doc>Maximizes current browser window.</doc>
<status status="PASS" start="2025-06-17T09:10:39.480370" elapsed="0.517595"/>
</kw>
<arg>${URL}</arg>
<arg>${BROWSER}</arg>
<status status="PASS" start="2025-06-17T09:10:31.398127" elapsed="8.600642"/>
</kw>
<kw name="Titulo deve ser" owner="resource">
<kw name="Title Should Be" owner="SeleniumLibrary">
<msg time="2025-06-17T09:10:40.002324" level="INFO">Page title is 'Brain - Área Restrita'.</msg>
<arg>${title}</arg>
<doc>Verifies that the current page title equals ``title``.</doc>
<status status="PASS" start="2025-06-17T09:10:40.000118" elapsed="0.003144"/>
</kw>
<arg>${TITLE}</arg>
<status status="PASS" start="2025-06-17T09:10:39.999345" elapsed="0.004222"/>
</kw>
<kw name="Click Element" owner="SeleniumLibrary">
<msg time="2025-06-17T09:10:40.004459" level="INFO">Clicking element 'id:auth_username'.</msg>
<arg>id:auth_username</arg>
<doc>Click the element identified by ``locator``.</doc>
<status status="PASS" start="2025-06-17T09:10:40.003806" elapsed="0.262262"/>
</kw>
<kw name="Input Text" owner="SeleniumLibrary">
<msg time="2025-06-17T09:10:40.266880" level="INFO">Typing text 'michel.viana@br.experian.com' into text field 'id:auth_username'.</msg>
<arg>id:auth_username</arg>
<arg>${USER}</arg>
<doc>Types the given ``text`` into the text field identified by ``locator``.</doc>
<status status="PASS" start="2025-06-17T09:10:40.266492" elapsed="0.062737"/>
</kw>
<kw name="Click Element" owner="SeleniumLibrary">
<msg time="2025-06-17T09:10:40.329646" level="INFO">Clicking element 'id:auth_password'.</msg>
<arg>id:auth_password</arg>
<doc>Click the element identified by ``locator``.</doc>
<status status="PASS" start="2025-06-17T09:10:40.329449" elapsed="0.225556"/>
</kw>
<kw name="Input Password" owner="SeleniumLibrary">
<msg time="2025-06-17T09:10:40.555475" level="INFO">Typing password into text field 'id:auth_password'.</msg>
<msg time="2025-06-17T09:10:40.559730" level="INFO">Temporally setting log level to: NONE</msg>
<arg>id:auth_password</arg>
<arg>${PASS}</arg>
<doc>Types the given password into the text field identified by ``locator``.</doc>
<status status="PASS" start="2025-06-17T09:10:40.555229" elapsed="0.021443"/>
</kw>
<kw name="Click Button" owner="SeleniumLibrary">
<msg time="2025-06-17T09:10:40.577113" level="INFO">Clicking button '//button[@type='submit']'.</msg>
<arg>//button[@type='submit']</arg>
<doc>Clicks the button identified by ``locator``.</doc>
<status status="PASS" start="2025-06-17T09:10:40.576900" elapsed="0.251625"/>
</kw>
<kw name="Sleep" owner="BuiltIn">
<msg time="2025-06-17T09:10:42.830571" level="INFO">Slept 2 seconds.</msg>
<arg>2s</arg>
<doc>Pauses the test executed for the given time.</doc>
<status status="PASS" start="2025-06-17T09:10:40.828865" elapsed="2.001913"/>
</kw>
<status status="PASS" start="2025-06-17T09:10:31.397884" elapsed="11.433007"/>
</kw>
<kw name="Acessar modulo AgroReport" owner="resource">
<kw name="Wait Until Element Is Visible" owner="SeleniumLibrary">
<arg>css=.ant-drawer-content-wrapper</arg>
<arg>timeout=20s</arg>
<doc>Waits until the element ``locator`` is visible.</doc>
<status status="PASS" start="2025-06-17T09:10:42.831780" elapsed="0.011725"/>
</kw>
<kw name="Click Element" owner="SeleniumLibrary">
<msg time="2025-06-17T09:10:42.843914" level="INFO">Clicking element 'xpath=//*[contains(text(), 'Agro Report')]'.</msg>
<arg>xpath=//*[contains(text(), 'Agro Report')]</arg>
<doc>Click the element identified by ``locator``.</doc>
<status status="PASS" start="2025-06-17T09:10:42.843722" elapsed="1.888850"/>
</kw>
<kw name="Sleep" owner="BuiltIn">
<msg time="2025-06-17T09:10:47.733720" level="INFO">Slept 3 seconds.</msg>
<arg>3s</arg>
<doc>Pauses the test executed for the given time.</doc>
<status status="PASS" start="2025-06-17T09:10:44.732803" elapsed="3.001353"/>
</kw>
<kw name="Execute Javascript" owner="SeleniumLibrary">
<msg time="2025-06-17T09:10:47.736594" level="INFO">Executing JavaScript:
var iframe=document.getElementById('launcher');if(iframe) iframe.remove();
Without any arguments.</msg>
<arg>var iframe=document.getElementById('launcher');if(iframe) iframe.remove();</arg>
<doc>Executes the given JavaScript code with possible arguments.</doc>
<status status="PASS" start="2025-06-17T09:10:47.734515" elapsed="0.010815"/>
</kw>
<kw name="Execute Javascript" owner="SeleniumLibrary">
<msg time="2025-06-17T09:10:47.746034" level="INFO">Executing JavaScript:
var iframe=document.querySelector('iframe[title="Fechar mensagem"]');if(iframe) iframe.remove();
Without any arguments.</msg>
<arg>var iframe=document.querySelector('iframe[title="Fechar mensagem"]');if(iframe) iframe.remove();</arg>
<doc>Executes the given JavaScript code with possible arguments.</doc>
<status status="PASS" start="2025-06-17T09:10:47.745626" elapsed="0.004357"/>
</kw>
<kw name="Execute Javascript" owner="SeleniumLibrary">
<msg time="2025-06-17T09:10:47.750633" level="INFO">Executing JavaScript:
Array.from(document.querySelectorAll('div[style*="z-index: 999999"]')).forEach(function(el){el.remove();});
Without any arguments.</msg>
<arg>Array.from(document.querySelectorAll('div[style*="z-index: 999999"]')).forEach(function(el){el.remove();});</arg>
<doc>Executes the given JavaScript code with possible arguments.</doc>
<status status="PASS" start="2025-06-17T09:10:47.750257" elapsed="0.004968"/>
</kw>
<status status="PASS" start="2025-06-17T09:10:42.831219" elapsed="4.924184"/>
</kw>
<kw name="Selecionar card" owner="resource">
<kw name="Sleep" owner="BuiltIn">
<msg time="2025-06-17T09:10:48.257481" level="INFO">Slept 500 milliseconds.</msg>
<arg>0.5s</arg>
<doc>Pauses the test executed for the given time.</doc>
<status status="PASS" start="2025-06-17T09:10:47.756147" elapsed="0.501842"/>
</kw>
<kw name="Wait Until Element Is Visible" owner="SeleniumLibrary">
<arg>xpath=//*[normalize-space(text())='${relatorio}']</arg>
<arg>timeout=20s</arg>
<doc>Waits until the element ``locator`` is visible.</doc>
<status status="PASS" start="2025-06-17T09:10:48.258395" elapsed="0.027330"/>
</kw>
<kw name="Click Element" owner="SeleniumLibrary">
<msg time="2025-06-17T09:10:48.286315" level="INFO">Clicking element 'xpath=//h1[normalize-space(text())='Fiscalização por Sensoriamento Remoto']/ancestor::div[@data-testid='pb-t-report-card']//button[@data-testid='button-request-report']'.</msg>
<arg>xpath=//h1[normalize-space(text())='${relatorio}']/ancestor::div[@data-testid='pb-t-report-card']//button[@data-testid='button-request-report']</arg>
<doc>Click the element identified by ``locator``.</doc>
<status status="PASS" start="2025-06-17T09:10:48.286001" elapsed="0.307421"/>
</kw>
<kw name="Wait Until Element Is Visible" owner="SeleniumLibrary">
<arg>css=.ant-drawer-header-title</arg>
<arg>timeout=10s</arg>
<doc>Waits until the element ``locator`` is visible.</doc>
<status status="PASS" start="2025-06-17T09:10:48.593694" elapsed="0.008640"/>
</kw>
<kw name="Wait Until Element Contains" owner="SeleniumLibrary">
<arg>css=.ant-drawer-header-title</arg>
<arg>${relatorio}</arg>
<arg>timeout=10s</arg>
<doc>Waits until the element ``locator`` contains ``text``.</doc>
<status status="PASS" start="2025-06-17T09:10:48.602584" elapsed="0.006321"/>
</kw>
<kw name="Element Text Should Be" owner="SeleniumLibrary">
<msg time="2025-06-17T09:10:48.609719" level="INFO">Verifying element 'css=.ant-drawer-header-title' contains exact text 'Fiscalização por Sensoriamento Remoto'.</msg>
<arg>css=.ant-drawer-header-title</arg>
<arg>${relatorio}</arg>
<doc>Verifies that element ``locator`` contains exact the text ``expected``.</doc>
<status status="PASS" start="2025-06-17T09:10:48.609295" elapsed="0.006758"/>
</kw>
<kw name="Wait Until Element Is Visible" owner="SeleniumLibrary">
<arg>css=.ant-drawer-content-wrapper</arg>
<doc>Waits until the element ``locator`` is visible.</doc>
<status status="PASS" start="2025-06-17T09:10:48.616293" elapsed="0.006248"/>
</kw>
<kw name="Sleep" owner="BuiltIn">
<msg time="2025-06-17T09:10:49.625039" level="INFO">Slept 1 second.</msg>
<arg>1s</arg>
<doc>Pauses the test executed for the given time.</doc>
<status status="PASS" start="2025-06-17T09:10:48.622760" elapsed="1.002773"/>
</kw>
<arg>Fiscalização por Sensoriamento Remoto</arg>
<status status="PASS" start="2025-06-17T09:10:47.755784" elapsed="1.870036"/>
</kw>
<kw name="Selecionar Método de Solicitação" owner="resource">
<kw name="Set Variable If" owner="BuiltIn">
<msg time="2025-06-17T09:10:49.627885" level="INFO">${texto} = Em lote</msg>
<var>${texto}</var>
<arg>'${metodo}'=='MANUAL'</arg>
<arg>Manualmente</arg>
<arg>Em lote</arg>
<doc>Sets variable based on the given condition.</doc>
<status status="PASS" start="2025-06-17T09:10:49.627298" elapsed="0.000760"/>
</kw>
<kw name="Wait Until Element Is Visible" owner="SeleniumLibrary">
<arg>xpath=//div[@data-testid="radio-group-request-methods"]</arg>
<arg>timeout=15s</arg>
<doc>Waits until the element ``locator`` is visible.</doc>
<status status="PASS" start="2025-06-17T09:10:49.628321" elapsed="0.016132"/>
</kw>
<kw name="Wait Until Element Is Visible" owner="SeleniumLibrary">
<arg>xpath=//div[@data-testid="radio-group-request-methods"]//span[normalize-space(text())="${texto}"]</arg>
<arg>timeout=10s</arg>
<doc>Waits until the element ``locator`` is visible.</doc>
<status status="PASS" start="2025-06-17T09:10:49.644734" elapsed="0.009681"/>
</kw>
<kw name="Click Element" owner="SeleniumLibrary">
<msg time="2025-06-17T09:10:49.654972" level="INFO">Clicking element 'xpath=//div[@data-testid="radio-group-request-methods"]//span[normalize-space(text())="Em lote"]'.</msg>
<arg>xpath=//div[@data-testid="radio-group-request-methods"]//span[normalize-space(text())="${texto}"]</arg>
<doc>Click the element identified by ``locator``.</doc>
<status status="PASS" start="2025-06-17T09:10:49.654685" elapsed="0.242575"/>
</kw>
<kw name="Sleep" owner="BuiltIn">
<msg time="2025-06-17T09:10:50.399347" level="INFO">Slept 500 milliseconds.</msg>
<arg>0.5</arg>
<doc>Pauses the test executed for the given time.</doc>
<status status="PASS" start="2025-06-17T09:10:49.897617" elapsed="0.502191"/>
</kw>
<arg>Em lote</arg>
<status status="PASS" start="2025-06-17T09:10:49.626535" elapsed="0.773526"/>
</kw>
<kw name="Selecionar Tipo de Resolução" owner="resource">
<kw name="Wait Until Element Is Visible" owner="SeleniumLibrary">
<arg>xpath=//div[contains(@class,"ant-radio-group")]//span[normalize-space(text())="${tipo}"]</arg>
<arg>timeout=15s</arg>
<doc>Waits until the element ``locator`` is visible.</doc>
<status status="PASS" start="2025-06-17T09:10:50.401364" elapsed="0.010252"/>
</kw>
<kw name="Scroll Element Into View" owner="SeleniumLibrary">
<arg>xpath=//div[contains(@class,"ant-radio-group")]//span[normalize-space(text())="${tipo}"]</arg>
<doc>Scrolls the element identified by ``locator`` into view.</doc>
<status status="PASS" start="2025-06-17T09:10:50.411873" elapsed="0.277669"/>
</kw>
<kw name="Click Element" owner="SeleniumLibrary">
<msg time="2025-06-17T09:10:50.690934" level="INFO">Clicking element 'xpath=//div[contains(@class,"ant-radio-group")]//span[normalize-space(text())="Resolução BACEN"]'.</msg>
<arg>xpath=//div[contains(@class,"ant-radio-group")]//span[normalize-space(text())="${tipo}"]</arg>
<doc>Click the element identified by ``locator``.</doc>
<status status="PASS" start="2025-06-17T09:10:50.690232" elapsed="0.227494"/>
</kw>
<kw name="Sleep" owner="BuiltIn">
<msg time="2025-06-17T09:10:51.418365" level="INFO">Slept 500 milliseconds.</msg>
<arg>0.5</arg>
<doc>Pauses the test executed for the given time.</doc>
<status status="PASS" start="2025-06-17T09:10:50.917946" elapsed="0.500826"/>
</kw>
<arg>Resolução BACEN</arg>
<status status="PASS" start="2025-06-17T09:10:50.400740" elapsed="1.018264"/>
</kw>
<kw name="Selecionar csv" owner="resource">
<kw name="Wait Until Element Is Visible" owner="SeleniumLibrary">
<arg>xpath=//label[contains(., 'Em lote')]</arg>
<doc>Waits until the element ``locator`` is visible.</doc>
<status status="PASS" start="2025-06-17T09:10:51.420262" elapsed="0.011010"/>
</kw>
<kw name="Click Element" owner="SeleniumLibrary">
<msg time="2025-06-17T09:10:51.432131" level="INFO">Clicking element 'xpath=//label[contains(., 'Em lote')]'.</msg>
<arg>xpath=//label[contains(., 'Em lote')]</arg>
<doc>Click the element identified by ``locator``.</doc>
<status status="PASS" start="2025-06-17T09:10:51.431760" elapsed="0.217390"/>
</kw>
<kw name="Sleep" owner="BuiltIn">
<msg time="2025-06-17T09:10:52.650242" level="INFO">Slept 1 second.</msg>
<arg>1s</arg>
<doc>Pauses the test executed for the given time.</doc>
<status status="PASS" start="2025-06-17T09:10:51.649528" elapsed="1.001948"/>
</kw>
<kw name="Execute Javascript" owner="SeleniumLibrary">
<msg time="2025-06-17T09:10:52.653059" level="INFO">Executing JavaScript:
document.querySelector("input[type='file']").style.display = 'block'
Without any arguments.</msg>
<arg>document.querySelector("input[type='file']").style.display = 'block'</arg>
<doc>Executes the given JavaScript code with possible arguments.</doc>
<status status="PASS" start="2025-06-17T09:10:52.652070" elapsed="0.006483"/>
</kw>
<kw name="Choose File" owner="SeleniumLibrary">
<msg time="2025-06-17T09:10:52.659428" level="INFO">Sending /Users/C12538Q/Documents/RobotFrameworkAgroReport/data/Fiscalizacao por Sensoriamento Remoto/lote_fiscalizacao_BACEN_09_digitos.csv to browser.</msg>
<arg>xpath=//input[@type='file']</arg>
<arg>${csv}</arg>
<doc>Inputs the ``file_path`` into the file input field ``locator``.</doc>
<status status="PASS" start="2025-06-17T09:10:52.658922" elapsed="0.017401"/>
</kw>
<kw name="Sleep" owner="BuiltIn">
<msg time="2025-06-17T09:10:53.677797" level="INFO">Slept 1 second.</msg>
<arg>1s</arg>
<doc>Pauses the test executed for the given time.</doc>
<status status="PASS" start="2025-06-17T09:10:52.676750" elapsed="1.001429"/>
</kw>
<arg>${CSV_FSR_BC_09}</arg>
<status status="PASS" start="2025-06-17T09:10:51.419620" elapsed="2.258811"/>
</kw>
<kw name="Sleep" owner="BuiltIn">
<msg time="2025-06-17T09:10:56.681561" level="INFO">Slept 3 seconds.</msg>
<arg>3s</arg>
<doc>Pauses the test executed for the given time.</doc>
<status status="PASS" start="2025-06-17T09:10:53.679088" elapsed="3.003596"/>
</kw>
<kw name="Fechar Browser" owner="resource">
<kw name="Sleep" owner="BuiltIn">
<msg time="2025-06-17T09:10:58.686229" level="INFO">Slept 2 seconds.</msg>
<arg>2s</arg>
<doc>Pauses the test executed for the given time.</doc>
<status status="PASS" start="2025-06-17T09:10:56.684252" elapsed="2.003454"/>
</kw>
<kw name="Close Browser" owner="SeleniumLibrary">
<doc>Closes the current browser.</doc>
<status status="PASS" start="2025-06-17T09:10:58.688788" elapsed="0.709186"/>
</kw>
<status status="PASS" start="2025-06-17T09:10:56.683645" elapsed="2.714617"/>
</kw>
<doc>Caso de teste para Solicitar Fiscalização por Sensoriamento Remoto com Tipo de Resolução BACEN 09 digitos</doc>
<tag>automacao</tag>
<status status="PASS" start="2025-06-17T09:10:31.397188" elapsed="28.001335"/>
</test>
<test id="s1-t2" name="Solicitar Importação do arquivo .csv Fiscalização por Sensoriamento Remoto Tipo de Resolução BACEN" line="87">
<kw name="Login no Farm" owner="resource">
<kw name="Abrir Browser" owner="resource">
<kw name="Open Browser" owner="SeleniumLibrary">
<msg time="2025-06-17T09:10:59.400525" level="INFO">Opening browser 'firefox' to base url 'https://dev-farmcheck.brainag.app/login'.</msg>
<arg>${url}</arg>
<arg>${browser}</arg>
<doc>Opens a new browser instance to the optional ``url``.</doc>
<status status="PASS" start="2025-06-17T09:10:59.400262" elapsed="6.990504"/>
</kw>
<kw name="Maximize Browser Window" owner="SeleniumLibrary">
<doc>Maximizes current browser window.</doc>
<status status="PASS" start="2025-06-17T09:11:06.391562" elapsed="0.512019"/>
</kw>
<arg>${URL}</arg>
<arg>${BROWSER}</arg>
<status status="PASS" start="2025-06-17T09:10:59.400018" elapsed="7.503858"/>
</kw>
<kw name="Titulo deve ser" owner="resource">
<kw name="Title Should Be" owner="SeleniumLibrary">
<msg time="2025-06-17T09:11:06.906975" level="INFO">Page title is 'Brain - Área Restrita'.</msg>
<arg>${title}</arg>
<doc>Verifies that the current page title equals ``title``.</doc>
<status status="PASS" start="2025-06-17T09:11:06.904760" elapsed="0.002627"/>
</kw>
<arg>${TITLE}</arg>
<status status="PASS" start="2025-06-17T09:11:06.904220" elapsed="0.003366"/>
</kw>
<kw name="Click Element" owner="SeleniumLibrary">
<msg time="2025-06-17T09:11:06.908198" level="INFO">Clicking element 'id:auth_username'.</msg>
<arg>id:auth_username</arg>
<doc>Click the element identified by ``locator``.</doc>
<status status="PASS" start="2025-06-17T09:11:06.907844" elapsed="0.252109"/>
</kw>
<kw name="Input Text" owner="SeleniumLibrary">
<msg time="2025-06-17T09:11:07.161043" level="INFO">Typing text 'michel.viana@br.experian.com' into text field 'id:auth_username'.</msg>
<arg>id:auth_username</arg>
<arg>${USER}</arg>
<doc>Types the given ``text`` into the text field identified by ``locator``.</doc>
<status status="PASS" start="2025-06-17T09:11:07.160394" elapsed="0.048929"/>
</kw>
<kw name="Click Element" owner="SeleniumLibrary">
<msg time="2025-06-17T09:11:07.209729" level="INFO">Clicking element 'id:auth_password'.</msg>
<arg>id:auth_password</arg>
<doc>Click the element identified by ``locator``.</doc>
<status status="PASS" start="2025-06-17T09:11:07.209543" elapsed="0.222634"/>
</kw>
<kw name="Input Password" owner="SeleniumLibrary">
<msg time="2025-06-17T09:11:07.432703" level="INFO">Typing password into text field 'id:auth_password'.</msg>
<msg time="2025-06-17T09:11:07.436901" level="INFO">Temporally setting log level to: NONE</msg>
<arg>id:auth_password</arg>
<arg>${PASS}</arg>
<doc>Types the given password into the text field identified by ``locator``.</doc>
<status status="PASS" start="2025-06-17T09:11:07.432431" elapsed="0.020912"/>
</kw>
<kw name="Click Button" owner="SeleniumLibrary">
<msg time="2025-06-17T09:11:07.453773" level="INFO">Clicking button '//button[@type='submit']'.</msg>
<arg>//button[@type='submit']</arg>
<doc>Clicks the button identified by ``locator``.</doc>
<status status="PASS" start="2025-06-17T09:11:07.453580" elapsed="0.290195"/>
</kw>
<kw name="Sleep" owner="BuiltIn">
<msg time="2025-06-17T09:11:09.746176" level="INFO">Slept 2 seconds.</msg>
<arg>2s</arg>
<doc>Pauses the test executed for the given time.</doc>
<status status="PASS" start="2025-06-17T09:11:07.744350" elapsed="2.002047"/>
</kw>
<status status="PASS" start="2025-06-17T09:10:59.399770" elapsed="10.346741"/>
</kw>
<kw name="Acessar modulo AgroReport" owner="resource">
<kw name="Wait Until Element Is Visible" owner="SeleniumLibrary">
<arg>css=.ant-drawer-content-wrapper</arg>
<arg>timeout=20s</arg>
<doc>Waits until the element ``locator`` is visible.</doc>
<status status="PASS" start="2025-06-17T09:11:09.747051" elapsed="0.009235"/>
</kw>
<kw name="Click Element" owner="SeleniumLibrary">
<msg time="2025-06-17T09:11:09.756710" level="INFO">Clicking element 'xpath=//*[contains(text(), 'Agro Report')]'.</msg>
<arg>xpath=//*[contains(text(), 'Agro Report')]</arg>
<doc>Click the element identified by ``locator``.</doc>
<status status="PASS" start="2025-06-17T09:11:09.756512" elapsed="1.954663"/>
</kw>
<kw name="Sleep" owner="BuiltIn">
<msg time="2025-06-17T09:11:14.712726" level="INFO">Slept 3 seconds.</msg>
<arg>3s</arg>
<doc>Pauses the test executed for the given time.</doc>
<status status="PASS" start="2025-06-17T09:11:11.711388" elapsed="3.001786"/>
</kw>
<kw name="Execute Javascript" owner="SeleniumLibrary">
<msg time="2025-06-17T09:11:14.713994" level="INFO">Executing JavaScript:
var iframe=document.getElementById('launcher');if(iframe) iframe.remove();
Without any arguments.</msg>
<arg>var iframe=document.getElementById('launcher');if(iframe) iframe.remove();</arg>
<doc>Executes the given JavaScript code with possible arguments.</doc>
<status status="PASS" start="2025-06-17T09:11:14.713485" elapsed="0.030572"/>
</kw>
<kw name="Execute Javascript" owner="SeleniumLibrary">
<msg time="2025-06-17T09:11:14.744697" level="INFO">Executing JavaScript:
var iframe=document.querySelector('iframe[title="Fechar mensagem"]');if(iframe) iframe.remove();
Without any arguments.</msg>
<arg>var iframe=document.querySelector('iframe[title="Fechar mensagem"]');if(iframe) iframe.remove();</arg>
<doc>Executes the given JavaScript code with possible arguments.</doc>
<status status="PASS" start="2025-06-17T09:11:14.744337" elapsed="0.002850"/>
</kw>
<kw name="Execute Javascript" owner="SeleniumLibrary">
<msg time="2025-06-17T09:11:14.747762" level="INFO">Executing JavaScript:
Array.from(document.querySelectorAll('div[style*="z-index: 999999"]')).forEach(function(el){el.remove();});
Without any arguments.</msg>
<arg>Array.from(document.querySelectorAll('div[style*="z-index: 999999"]')).forEach(function(el){el.remove();});</arg>
<doc>Executes the given JavaScript code with possible arguments.</doc>
<status status="PASS" start="2025-06-17T09:11:14.747391" elapsed="0.004116"/>
</kw>
<status status="PASS" start="2025-06-17T09:11:09.746793" elapsed="5.004878"/>
</kw>
<kw name="Selecionar card" owner="resource">
<kw name="Sleep" owner="BuiltIn">
<msg time="2025-06-17T09:11:15.253890" level="INFO">Slept 500 milliseconds.</msg>
<arg>0.5s</arg>
<doc>Pauses the test executed for the given time.</doc>
<status status="PASS" start="2025-06-17T09:11:14.752410" elapsed="0.502019"/>
</kw>
<kw name="Wait Until Element Is Visible" owner="SeleniumLibrary">
<arg>xpath=//*[normalize-space(text())='${relatorio}']</arg>
<arg>timeout=20s</arg>
<doc>Waits until the element ``locator`` is visible.</doc>
<status status="PASS" start="2025-06-17T09:11:15.254944" elapsed="0.023480"/>
</kw>
<kw name="Click Element" owner="SeleniumLibrary">
<msg time="2025-06-17T09:11:15.278962" level="INFO">Clicking element 'xpath=//h1[normalize-space(text())='Fiscalização por Sensoriamento Remoto']/ancestor::div[@data-testid='pb-t-report-card']//button[@data-testid='button-request-report']'.</msg>
<arg>xpath=//h1[normalize-space(text())='${relatorio}']/ancestor::div[@data-testid='pb-t-report-card']//button[@data-testid='button-request-report']</arg>
<doc>Click the element identified by ``locator``.</doc>
<status status="PASS" start="2025-06-17T09:11:15.278683" elapsed="0.352459"/>
</kw>
<kw name="Wait Until Element Is Visible" owner="SeleniumLibrary">
<arg>css=.ant-drawer-header-title</arg>
<arg>timeout=10s</arg>
<doc>Waits until the element ``locator`` is visible.</doc>
<status status="PASS" start="2025-06-17T09:11:15.631416" elapsed="0.007574"/>
</kw>
<kw name="Wait Until Element Contains" owner="SeleniumLibrary">
<arg>css=.ant-drawer-header-title</arg>
<arg>${relatorio}</arg>
<arg>timeout=10s</arg>
<doc>Waits until the element ``locator`` contains ``text``.</doc>
<status status="PASS" start="2025-06-17T09:11:15.639325" elapsed="0.008218"/>
</kw>
<kw name="Element Text Should Be" owner="SeleniumLibrary">
<msg time="2025-06-17T09:11:15.648155" level="INFO">Verifying element 'css=.ant-drawer-header-title' contains exact text 'Fiscalização por Sensoriamento Remoto'.</msg>
<arg>css=.ant-drawer-header-title</arg>
<arg>${relatorio}</arg>
<doc>Verifies that element ``locator`` contains exact the text ``expected``.</doc>
<status status="PASS" start="2025-06-17T09:11:15.647860" elapsed="0.008139"/>
</kw>
<kw name="Wait Until Element Is Visible" owner="SeleniumLibrary">
<arg>css=.ant-drawer-content-wrapper</arg>
<doc>Waits until the element ``locator`` is visible.</doc>
<status status="PASS" start="2025-06-17T09:11:15.656257" elapsed="0.007186"/>
</kw>
<kw name="Sleep" owner="BuiltIn">
<msg time="2025-06-17T09:11:16.664017" level="INFO">Slept 1 second.</msg>
<arg>1s</arg>
<doc>Pauses the test executed for the given time.</doc>
<status status="PASS" start="2025-06-17T09:11:15.663681" elapsed="1.000620"/>
</kw>
<arg>Fiscalização por Sensoriamento Remoto</arg>
<status status="PASS" start="2025-06-17T09:11:14.752058" elapsed="1.912413"/>
</kw>
<kw name="Selecionar Método de Solicitação" owner="resource">
<kw name="Set Variable If" owner="BuiltIn">
<msg time="2025-06-17T09:11:16.665878" level="INFO">${texto} = Em lote</msg>
<var>${texto}</var>
<arg>'${metodo}'=='MANUAL'</arg>
<arg>Manualmente</arg>
<arg>Em lote</arg>
<doc>Sets variable based on the given condition.</doc>
<status status="PASS" start="2025-06-17T09:11:16.665553" elapsed="0.000445"/>
</kw>
<kw name="Wait Until Element Is Visible" owner="SeleniumLibrary">
<arg>xpath=//div[@data-testid="radio-group-request-methods"]</arg>
<arg>timeout=15s</arg>
<doc>Waits until the element ``locator`` is visible.</doc>
<status status="PASS" start="2025-06-17T09:11:16.666173" elapsed="0.011560"/>
</kw>
<kw name="Wait Until Element Is Visible" owner="SeleniumLibrary">
<arg>xpath=//div[@data-testid="radio-group-request-methods"]//span[normalize-space(text())="${texto}"]</arg>
<arg>timeout=10s</arg>
<doc>Waits until the element ``locator`` is visible.</doc>
<status status="PASS" start="2025-06-17T09:11:16.677999" elapsed="0.007556"/>
</kw>
<kw name="Click Element" owner="SeleniumLibrary">
<msg time="2025-06-17T09:11:16.686066" level="INFO">Clicking element 'xpath=//div[@data-testid="radio-group-request-methods"]//span[normalize-space(text())="Em lote"]'.</msg>
<arg>xpath=//div[@data-testid="radio-group-request-methods"]//span[normalize-space(text())="${texto}"]</arg>
<doc>Click the element identified by ``locator``.</doc>
<status status="PASS" start="2025-06-17T09:11:16.685795" elapsed="0.229739"/>
</kw>
<kw name="Sleep" owner="BuiltIn">
<msg time="2025-06-17T09:11:17.417540" level="INFO">Slept 500 milliseconds.</msg>
<arg>0.5</arg>
<doc>Pauses the test executed for the given time.</doc>
<status status="PASS" start="2025-06-17T09:11:16.915789" elapsed="0.501999"/>
</kw>
<arg>Em lote</arg>
<status status="PASS" start="2025-06-17T09:11:16.664982" elapsed="0.752953"/>
</kw>
<kw name="Selecionar Tipo de Resolução" owner="resource">
<kw name="Wait Until Element Is Visible" owner="SeleniumLibrary">
<arg>xpath=//div[contains(@class,"ant-radio-group")]//span[normalize-space(text())="${tipo}"]</arg>
<arg>timeout=15s</arg>
<doc>Waits until the element ``locator`` is visible.</doc>
<status status="PASS" start="2025-06-17T09:11:17.418670" elapsed="0.009316"/>
</kw>
<kw name="Scroll Element Into View" owner="SeleniumLibrary">
<arg>xpath=//div[contains(@class,"ant-radio-group")]//span[normalize-space(text())="${tipo}"]</arg>
<doc>Scrolls the element identified by ``locator`` into view.</doc>
<status status="PASS" start="2025-06-17T09:11:17.428257" elapsed="0.262983"/>
</kw>
<kw name="Click Element" owner="SeleniumLibrary">
<msg time="2025-06-17T09:11:17.692010" level="INFO">Clicking element 'xpath=//div[contains(@class,"ant-radio-group")]//span[normalize-space(text())="Resolução BACEN"]'.</msg>
<arg>xpath=//div[contains(@class,"ant-radio-group")]//span[normalize-space(text())="${tipo}"]</arg>
<doc>Click the element identified by ``locator``.</doc>
<status status="PASS" start="2025-06-17T09:11:17.691615" elapsed="0.231001"/>
</kw>
<kw name="Sleep" owner="BuiltIn">
<msg time="2025-06-17T09:11:18.424932" level="INFO">Slept 500 milliseconds.</msg>
<arg>0.5</arg>
<doc>Pauses the test executed for the given time.</doc>
<status status="PASS" start="2025-06-17T09:11:17.922891" elapsed="0.503358"/>
</kw>
<arg>Resolução BACEN</arg>
<status status="PASS" start="2025-06-17T09:11:17.418300" elapsed="1.008626"/>
</kw>
<kw name="Selecionar csv" owner="resource">
<kw name="Wait Until Element Is Visible" owner="SeleniumLibrary">
<arg>xpath=//label[contains(., 'Em lote')]</arg>
<doc>Waits until the element ``locator`` is visible.</doc>
<status status="PASS" start="2025-06-17T09:11:18.428838" elapsed="0.017591"/>
</kw>
<kw name="Click Element" owner="SeleniumLibrary">
<msg time="2025-06-17T09:11:18.447408" level="INFO">Clicking element 'xpath=//label[contains(., 'Em lote')]'.</msg>
<arg>xpath=//label[contains(., 'Em lote')]</arg>
<doc>Click the element identified by ``locator``.</doc>
<status status="PASS" start="2025-06-17T09:11:18.446970" elapsed="0.218482"/>
</kw>
<kw name="Sleep" owner="BuiltIn">
<msg time="2025-06-17T09:11:19.666898" level="INFO">Slept 1 second.</msg>
<arg>1s</arg>
<doc>Pauses the test executed for the given time.</doc>
<status status="PASS" start="2025-06-17T09:11:18.665864" elapsed="1.001652"/>
</kw>
<kw name="Execute Javascript" owner="SeleniumLibrary">
<msg time="2025-06-17T09:11:19.669288" level="INFO">Executing JavaScript:
document.querySelector("input[type='file']").style.display = 'block'
Without any arguments.</msg>
<arg>document.querySelector("input[type='file']").style.display = 'block'</arg>
<doc>Executes the given JavaScript code with possible arguments.</doc>
<status status="PASS" start="2025-06-17T09:11:19.668059" elapsed="0.004985"/>
</kw>
<kw name="Choose File" owner="SeleniumLibrary">
<msg time="2025-06-17T09:11:19.673793" level="INFO">Sending /Users/C12538Q/Documents/RobotFrameworkAgroReport/data/Fiscalizacao por Sensoriamento Remoto/lote_fiscalizacao_BACEN_11_digitos.csv to browser.</msg>
<arg>xpath=//input[@type='file']</arg>
<arg>${csv}</arg>
<doc>Inputs the ``file_path`` into the file input field ``locator``.</doc>
<status status="PASS" start="2025-06-17T09:11:19.673252" elapsed="0.011121"/>
</kw>
<kw name="Sleep" owner="BuiltIn">
<msg time="2025-06-17T09:11:20.685882" level="INFO">Slept 1 second.</msg>
<arg>1s</arg>
<doc>Pauses the test executed for the given time.</doc>
<status status="PASS" start="2025-06-17T09:11:19.684646" elapsed="1.001763"/>
</kw>
<arg>${CSV_FSR_BC_11}</arg>
<status status="PASS" start="2025-06-17T09:11:18.427931" elapsed="2.258766"/>
</kw>
<kw name="Sleep" owner="BuiltIn">
<msg time="2025-06-17T09:11:23.688952" level="INFO">Slept 3 seconds.</msg>
<arg>3s</arg>
<doc>Pauses the test executed for the given time.</doc>
<status status="PASS" start="2025-06-17T09:11:20.687482" elapsed="3.002066"/>
</kw>
<kw name="Fechar Browser" owner="resource">
<kw name="Sleep" owner="BuiltIn">
<msg time="2025-06-17T09:11:25.692425" level="INFO">Slept 2 seconds.</msg>
<arg>2s</arg>
<doc>Pauses the test executed for the given time.</doc>
<status status="PASS" start="2025-06-17T09:11:23.691363" elapsed="2.002522"/>
</kw>
<kw name="Close Browser" owner="SeleniumLibrary">
<doc>Closes the current browser.</doc>
<status status="PASS" start="2025-06-17T09:11:25.694968" elapsed="0.790036"/>
</kw>
<status status="PASS" start="2025-06-17T09:11:23.690560" elapsed="2.794609"/>
</kw>
<doc>Caso de teste para Solicitar Fiscalização por Sensoriamento Remoto com Tipo de Resolução BACEN 11 digitos</doc>
<tag>automacao</tag>
<status status="PASS" start="2025-06-17T09:10:59.398828" elapsed="27.086570"/>
</test>
<doc>This is the first Robot Framework test suite.</doc>
<status status="PASS" start="2025-06-17T09:10:30.041174" elapsed="56.444745"/>
</suite>
<statistics>
<total>
<stat pass="2" fail="0" skip="0">All Tests</stat>
</total>
<tag>
<stat pass="2" fail="0" skip="0">automacao</stat>
</tag>
<suite>
<stat name="Fiscalização por Sensoriamento Remoto" id="s1" pass="2" fail="0" skip="0">Fiscalização por Sensoriamento Remoto</stat>
</suite>
</statistics>
<errors>
<msg time="2025-06-17T09:10:59.398948" level="WARN">Multiple tests with name 'Solicitar Importação do arquivo .csv Fiscalização por Sensoriamento Remoto Tipo de Resolução BACEN' executed in suite 'Fiscalização por Sensoriamento Remoto'.</msg>
</errors>
</robot>
