<?xml version="1.0" encoding="UTF-8"?>
<robot generator="Robot 7.2.2 (Python 3.10.0 on darwin)" generated="2025-05-29T12:10:03.457864" rpa="false" schemaversion="5">
<suite id="s1" name="Agro Test" source="/Users/C12538Q/Documents/RobotFrameworkAgroReport/page/agro_test.robot">
<test id="s1-t1" name="Solicitar Relatório Análise Detalhada de Desmatamento" line="13">
<kw name="Login no Farm" owner="resource">
<kw name="Abrir Browser" owner="resource">
<kw name="Open Browser" owner="SeleniumLibrary">
<msg time="2025-05-29T12:10:03.762911" level="INFO">Opening browser 'Chrome' to base url 'https://dev-farmcheck.brainag.app/login'.</msg>
<arg>${url}</arg>
<arg>${browser}</arg>
<doc>Opens a new browser instance to the optional ``url``.</doc>
<status status="PASS" start="2025-05-29T12:10:03.762719" elapsed="4.037720"/>
</kw>
<kw name="Maximize Browser Window" owner="SeleniumLibrary">
<doc>Maximizes current browser window.</doc>
<status status="PASS" start="2025-05-29T12:10:07.800938" elapsed="0.366928"/>
</kw>
<arg>${URL}</arg>
<arg>${BROWSER}</arg>
<status status="PASS" start="2025-05-29T12:10:03.762151" elapsed="4.405900"/>
</kw>
<kw name="Titulo deve ser" owner="resource">
<kw name="Title Should Be" owner="SeleniumLibrary">
<msg time="2025-05-29T12:10:08.172034" level="INFO">Page title is 'Brain - Área Restrita'.</msg>
<arg>${title}</arg>
<doc>Verifies that the current page title equals ``title``.</doc>
<status status="PASS" start="2025-05-29T12:10:08.168585" elapsed="0.003691"/>
</kw>
<arg>${TITLE}</arg>
<status status="PASS" start="2025-05-29T12:10:08.168262" elapsed="0.004115"/>
</kw>
<kw name="Click Element" owner="SeleniumLibrary">
<msg time="2025-05-29T12:10:08.172801" level="INFO">Clicking element 'id:auth_username'.</msg>
<arg>id:auth_username</arg>
<doc>Click the element identified by ``locator``.</doc>
<status status="PASS" start="2025-05-29T12:10:08.172498" elapsed="0.042562"/>
</kw>
<kw name="Input Text" owner="SeleniumLibrary">
<msg time="2025-05-29T12:10:08.215513" level="INFO">Typing text 'michel.viana@br.experian.com' into text field 'id:auth_username'.</msg>
<arg>id:auth_username</arg>
<arg>${USER}</arg>
<doc>Types the given ``text`` into the text field identified by ``locator``.</doc>
<status status="PASS" start="2025-05-29T12:10:08.215288" elapsed="0.141216"/>
</kw>
<kw name="Click Element" owner="SeleniumLibrary">
<msg time="2025-05-29T12:10:08.357707" level="INFO">Clicking element 'id:auth_password'.</msg>
<arg>id:auth_password</arg>
<doc>Click the element identified by ``locator``.</doc>
<status status="PASS" start="2025-05-29T12:10:08.357395" elapsed="0.044875"/>
</kw>
<kw name="Input Password" owner="SeleniumLibrary">
<msg time="2025-05-29T12:10:08.402724" level="INFO">Typing password into text field 'id:auth_password'.</msg>
<msg time="2025-05-29T12:10:08.420543" level="INFO">Temporally setting log level to: NONE</msg>
<arg>id:auth_password</arg>
<arg>${PASS}</arg>
<doc>Types the given password into the text field identified by ``locator``.</doc>
<status status="PASS" start="2025-05-29T12:10:08.402493" elapsed="0.043029"/>
</kw>
<kw name="Click Button" owner="SeleniumLibrary">
<msg time="2025-05-29T12:10:08.445918" level="INFO">Clicking button '//button[@type='submit']'.</msg>
<arg>//button[@type='submit']</arg>
<doc>Clicks the button identified by ``locator``.</doc>
<status status="PASS" start="2025-05-29T12:10:08.445733" elapsed="0.061606"/>
</kw>
<kw name="Sleep" owner="BuiltIn">
<msg time="2025-05-29T12:10:10.508576" level="INFO">Slept 2 seconds.</msg>
<arg>2s</arg>
<doc>Pauses the test executed for the given time.</doc>
<status status="PASS" start="2025-05-29T12:10:08.507624" elapsed="2.001217"/>
</kw>
<status status="PASS" start="2025-05-29T12:10:03.761916" elapsed="6.747093"/>
</kw>
<kw name="Acessar modulo AgroReport" owner="resource">
<kw name="Wait Until Element Is Visible" owner="SeleniumLibrary">
<arg>css=.ant-drawer-content-wrapper</arg>
<arg>timeout=20s</arg>
<doc>Waits until the element ``locator`` is visible.</doc>
<status status="PASS" start="2025-05-29T12:10:10.509972" elapsed="0.021886"/>
</kw>
<kw name="Click Element" owner="SeleniumLibrary">
<msg time="2025-05-29T12:10:10.532389" level="INFO">Clicking element 'xpath=//*[contains(text(), 'Agro Report')]'.</msg>
<arg>xpath=//*[contains(text(), 'Agro Report')]</arg>
<doc>Click the element identified by ``locator``.</doc>
<status status="PASS" start="2025-05-29T12:10:10.532144" elapsed="1.890441"/>
</kw>
<kw name="Sleep" owner="BuiltIn">
<msg time="2025-05-29T12:10:15.423867" level="INFO">Slept 3 seconds.</msg>
<arg>3s</arg>
<doc>Pauses the test executed for the given time.</doc>
<status status="PASS" start="2025-05-29T12:10:12.422805" elapsed="3.001620"/>
</kw>
<kw name="Execute Javascript" owner="SeleniumLibrary">
<msg time="2025-05-29T12:10:15.426471" level="INFO">Executing JavaScript:
var iframe=document.getElementById('launcher');if(iframe) iframe.remove();
Without any arguments.</msg>
<arg>var iframe=document.getElementById('launcher');if(iframe) iframe.remove();</arg>
<doc>Executes the given JavaScript code with possible arguments.</doc>
<status status="PASS" start="2025-05-29T12:10:15.425127" elapsed="0.007965"/>
</kw>
<kw name="Execute Javascript" owner="SeleniumLibrary">
<msg time="2025-05-29T12:10:15.433677" level="INFO">Executing JavaScript:
var iframe=document.querySelector('iframe[title="Fechar mensagem"]');if(iframe) iframe.remove();
Without any arguments.</msg>
<arg>var iframe=document.querySelector('iframe[title="Fechar mensagem"]');if(iframe) iframe.remove();</arg>
<doc>Executes the given JavaScript code with possible arguments.</doc>
<status status="PASS" start="2025-05-29T12:10:15.433360" elapsed="0.005399"/>
</kw>
<kw name="Execute Javascript" owner="SeleniumLibrary">
<msg time="2025-05-29T12:10:15.439268" level="INFO">Executing JavaScript:
Array.from(document.querySelectorAll('div[style*="z-index: 999999"]')).forEach(function(el){el.remove();});
Without any arguments.</msg>
<arg>Array.from(document.querySelectorAll('div[style*="z-index: 999999"]')).forEach(function(el){el.remove();});</arg>
<doc>Executes the given JavaScript code with possible arguments.</doc>
<status status="PASS" start="2025-05-29T12:10:15.438975" elapsed="0.004814"/>
</kw>
<status status="PASS" start="2025-05-29T12:10:10.509554" elapsed="4.934357"/>
</kw>
<kw name="Selecionar card" owner="resource">
<kw name="Wait Until Element Is Visible" owner="SeleniumLibrary">
<arg>xpath=//*[normalize-space(text())='${relatorio}']</arg>
<arg>timeout=20s</arg>
<doc>Waits until the element ``locator`` is visible.</doc>
<status status="PASS" start="2025-05-29T12:10:15.444360" elapsed="0.019784"/>
</kw>
<kw name="Click Element" owner="SeleniumLibrary">
<msg time="2025-05-29T12:10:15.464579" level="INFO">Clicking element 'xpath=//h1[normalize-space(text())='Análise Detalhada de Desmatamento']/ancestor::div[@data-testid='pb-t-report-card']//button[@data-testid='button-request-report']'.</msg>
<arg>xpath=//h1[normalize-space(text())='${relatorio}']/ancestor::div[@data-testid='pb-t-report-card']//button[@data-testid='button-request-report']</arg>
<doc>Click the element identified by ``locator``.</doc>
<status status="PASS" start="2025-05-29T12:10:15.464360" elapsed="0.085649"/>
</kw>
<kw name="Wait Until Element Is Visible" owner="SeleniumLibrary">
<arg>css=.ant-drawer-header-title</arg>
<arg>timeout=10s</arg>
<doc>Waits until the element ``locator`` is visible.</doc>
<status status="PASS" start="2025-05-29T12:10:15.550391" elapsed="0.228269"/>
</kw>
<kw name="Wait Until Element Contains" owner="SeleniumLibrary">
<arg>css=.ant-drawer-header-title</arg>
<arg>${relatorio}</arg>
<arg>timeout=10s</arg>
<doc>Waits until the element ``locator`` contains ``text``.</doc>
<status status="PASS" start="2025-05-29T12:10:15.778893" elapsed="0.016214"/>
</kw>
<kw name="Element Text Should Be" owner="SeleniumLibrary">
<msg time="2025-05-29T12:10:15.795607" level="INFO">Verifying element 'css=.ant-drawer-header-title' contains exact text 'Análise Detalhada de Desmatamento'.</msg>
<arg>css=.ant-drawer-header-title</arg>
<arg>${relatorio}</arg>
<doc>Verifies that element ``locator`` contains exact the text ``expected``.</doc>
<status status="PASS" start="2025-05-29T12:10:15.795343" elapsed="0.010090"/>
</kw>
<kw name="Wait Until Element Is Visible" owner="SeleniumLibrary">
<arg>css=.ant-drawer-content-wrapper</arg>
<doc>Waits until the element ``locator`` is visible.</doc>
<status status="PASS" start="2025-05-29T12:10:15.805772" elapsed="0.008912"/>
</kw>
<kw name="Click Element" owner="SeleniumLibrary">
<msg time="2025-05-29T12:10:15.815105" level="INFO">Clicking element 'css=.sc-ikkxIA.ijzQGg'.</msg>
<arg>css=.sc-ikkxIA.ijzQGg</arg>
<doc>Click the element identified by ``locator``.</doc>
<status status="PASS" start="2025-05-29T12:10:15.814909" elapsed="0.057179"/>
</kw>
<kw name="Sleep" owner="BuiltIn">
<msg time="2025-05-29T12:10:16.872758" level="INFO">Slept 1 second.</msg>
<arg>1s</arg>
<doc>Pauses the test executed for the given time.</doc>
<status status="PASS" start="2025-05-29T12:10:15.872319" elapsed="1.001047"/>
</kw>
<arg>Análise Detalhada de Desmatamento</arg>
<status status="PASS" start="2025-05-29T12:10:15.444128" elapsed="1.429628"/>
</kw>
<kw name="Selecionar Proprietário" owner="resource">
<kw name="Input Text" owner="SeleniumLibrary">
<msg time="2025-05-29T12:10:16.876194" level="INFO">Typing text '126' into text field 'css=#rc_select_16'.</msg>
<arg>css=#rc_select_16</arg>
<arg>${proprietario}</arg>
<doc>Types the given ``text`` into the text field identified by ``locator``.</doc>
<status status="PASS" start="2025-05-29T12:10:16.875532" elapsed="0.082141"/>
</kw>
<kw name="Wait Until Element Is Visible" owner="SeleniumLibrary">
<arg>xpath=//div[contains(@class, 'ant-select-item-option') and not(contains(@class, 'ant-select-item-option-disabled'))]</arg>
<arg>timeout=20s</arg>
<doc>Waits until the element ``locator`` is visible.</doc>
<status status="PASS" start="2025-05-29T12:10:16.957943" elapsed="1.304772"/>
</kw>
<kw name="Wait Until Element Is Enabled" owner="SeleniumLibrary">
<arg>xpath=//div[contains(@class, 'ant-select-item-option') and not(contains(@class, 'ant-select-item-option-disabled'))]</arg>
<arg>timeout=10s</arg>
<doc>Waits until the element ``locator`` is enabled.</doc>
<status status="PASS" start="2025-05-29T12:10:18.262926" elapsed="0.012342"/>
</kw>
<kw name="Get WebElement" owner="SeleniumLibrary">
<msg time="2025-05-29T12:10:18.279590" level="INFO">${dropdown} = &lt;selenium.webdriver.remote.webelement.WebElement (session="1a9fa4113c003cb0533cf3d35bc196b0", element="f.36906069E1B0D2A4168FA07BB9EDCC15.d.8FD12944F5FE2FF19623189954E62417.e.141")&gt;</msg>
<var>${dropdown}</var>
<arg>css:#rc_select_16</arg>
<doc>Returns the first WebElement matching the given ``locator``.</doc>
<status status="PASS" start="2025-05-29T12:10:18.275441" elapsed="0.004258"/>
</kw>
<kw name="Press Key" owner="SeleniumLibrary">
<arg>${dropdown}</arg>
<arg>\\40</arg>
<doc>Simulates user pressing key on element identified by ``locator``.</doc>
<status status="PASS" start="2025-05-29T12:10:18.279822" elapsed="0.014956"/>
</kw>
<kw name="Sleep" owner="BuiltIn">
<msg time="2025-05-29T12:10:19.297423" level="INFO">Slept 1 second.</msg>
<arg>1s</arg>
<doc>Pauses the test executed for the given time.</doc>
<status status="PASS" start="2025-05-29T12:10:18.295069" elapsed="1.003341"/>
</kw>
<kw name="Press Key" owner="SeleniumLibrary">
<arg>${dropdown}</arg>
<arg>\\13</arg>
<doc>Simulates user pressing key on element identified by ``locator``.</doc>
<status status="PASS" start="2025-05-29T12:10:19.298918" elapsed="0.037388"/>
</kw>
<kw name="Sleep" owner="BuiltIn">
<msg time="2025-05-29T12:10:20.338199" level="INFO">Slept 1 second.</msg>
<arg>1s</arg>
<doc>Pauses the test executed for the given time.</doc>
<status status="PASS" start="2025-05-29T12:10:19.336823" elapsed="1.002914"/>
</kw>
<arg>126</arg>
<status status="PASS" start="2025-05-29T12:10:16.874535" elapsed="3.465985"/>
</kw>
<kw name="Selecionar Propriedade" owner="resource">
<kw name="Wait Until Element Is Visible" owner="SeleniumLibrary">
<arg>css=.sc-ikkxIA.ijzQGg.sc-kpKSZj.fUxKKk</arg>
<arg>timeout=10s</arg>
<doc>Waits until the element ``locator`` is visible.</doc>
<status status="PASS" start="2025-05-29T12:10:20.343227" elapsed="0.022685"/>
</kw>
<kw name="Click Element" owner="SeleniumLibrary">
<msg time="2025-05-29T12:10:20.366657" level="INFO">Clicking element 'css=.sc-ikkxIA.ijzQGg.sc-kpKSZj.fUxKKk'.</msg>
<arg>css=.sc-ikkxIA.ijzQGg.sc-kpKSZj.fUxKKk</arg>
<doc>Click the element identified by ``locator``.</doc>
<status status="PASS" start="2025-05-29T12:10:20.366305" elapsed="0.044435"/>
</kw>
<kw name="Get WebElement" owner="SeleniumLibrary">
<msg time="2025-05-29T12:10:20.422774" level="INFO">${dropdown} = &lt;selenium.webdriver.remote.webelement.WebElement (session="1a9fa4113c003cb0533cf3d35bc196b0", element="f.36906069E1B0D2A4168FA07BB9EDCC15.d.8FD12944F5FE2FF19623189954E62417.e.142")&gt;</msg>
<var>${dropdown}</var>
<arg>css=#rc_select_17</arg>
<doc>Returns the first WebElement matching the given ``locator``.</doc>
<status status="PASS" start="2025-05-29T12:10:20.410972" elapsed="0.011960"/>
</kw>
<kw name="Press Key" owner="SeleniumLibrary">
<arg>${dropdown}</arg>
<arg>\\40</arg>
<doc>Simulates user pressing key on element identified by ``locator``.</doc>
<status status="PASS" start="2025-05-29T12:10:20.423108" elapsed="0.014021"/>
</kw>
<kw name="Sleep" owner="BuiltIn">
<msg time="2025-05-29T12:10:21.438092" level="INFO">Slept 1 second.</msg>
<arg>1s</arg>
<doc>Pauses the test executed for the given time.</doc>
<status status="PASS" start="2025-05-29T12:10:20.437346" elapsed="1.002410"/>
</kw>
<kw name="Press Key" owner="SeleniumLibrary">
<arg>${dropdown}</arg>
<arg>\\13</arg>
<doc>Simulates user pressing key on element identified by ``locator``.</doc>
<status status="PASS" start="2025-05-29T12:10:21.441063" elapsed="0.036287"/>
</kw>
<status status="PASS" start="2025-05-29T12:10:20.341896" elapsed="1.135717"/>
</kw>
<kw name="Selecionar Criterios Socioambientais - todos" owner="resource">
<kw name="Click Element" owner="SeleniumLibrary">
<msg time="2025-05-29T12:10:21.478620" level="INFO">Clicking element 'css=input[placeholder="Critérios Socioambientais"]'.</msg>
<arg>css=input[placeholder="Critérios Socioambientais"]</arg>
<doc>Click the element identified by ``locator``.</doc>
<status status="PASS" start="2025-05-29T12:10:21.478332" elapsed="0.049257"/>
</kw>
<kw name="Sleep" owner="BuiltIn">
<msg time="2025-05-29T12:10:22.530843" level="INFO">Slept 1 second.</msg>
<arg>1s</arg>
<doc>Pauses the test executed for the given time.</doc>
<status status="PASS" start="2025-05-29T12:10:21.527795" elapsed="1.004136"/>
</kw>
<kw name="Wait Until Element Is Visible" owner="SeleniumLibrary">
<arg>xpath=//span[normalize-space(text())="Selecionar Todos"]</arg>
<arg>timeout=10s</arg>
<doc>Waits until the element ``locator`` is visible.</doc>
<status status="PASS" start="2025-05-29T12:10:22.532501" elapsed="0.023038"/>
</kw>
<kw name="Click Element" owner="SeleniumLibrary">
<msg time="2025-05-29T12:10:22.556460" level="INFO">Clicking element 'xpath=//span[normalize-space(text())="Selecionar Todos"]/preceding-sibling::span[contains(@class, "ant-checkbox")]'.</msg>
<arg>xpath=//span[normalize-space(text())="Selecionar Todos"]/preceding-sibling::span[contains(@class, "ant-checkbox")]</arg>
<doc>Click the element identified by ``locator``.</doc>
<status status="PASS" start="2025-05-29T12:10:22.556029" elapsed="0.058273"/>
</kw>
<status status="PASS" start="2025-05-29T12:10:21.477968" elapsed="1.136505"/>
</kw>
<kw name="Preencher Observacao" owner="resource">
<kw name="Click Element" owner="SeleniumLibrary">
<msg time="2025-05-29T12:10:22.615263" level="INFO">Clicking element 'css=.sc-ejfMa-d.gUnrdK'.</msg>
<arg>css=.sc-ejfMa-d.gUnrdK</arg>
<doc>Click the element identified by ``locator``.</doc>
<status status="PASS" start="2025-05-29T12:10:22.615099" elapsed="0.057519"/>
</kw>
<kw name="Sleep" owner="BuiltIn">
<msg time="2025-05-29T12:10:23.673097" level="INFO">Slept 1 second.</msg>
<arg>1s</arg>
<doc>Pauses the test executed for the given time.</doc>
<status status="PASS" start="2025-05-29T12:10:22.672848" elapsed="1.000467"/>
</kw>
<kw name="Wait Until Element Is Visible" owner="SeleniumLibrary">
<arg>css=textarea[data-testid="base-request-form-text-area-observations"]</arg>
<arg>timeout=10s</arg>
<doc>Waits until the element ``locator`` is visible.</doc>
<status status="PASS" start="2025-05-29T12:10:23.673606" elapsed="0.011911"/>
</kw>
<kw name="Get WebElement" owner="SeleniumLibrary">
<msg time="2025-05-29T12:10:23.690609" level="INFO">${text} = &lt;selenium.webdriver.remote.webelement.WebElement (session="1a9fa4113c003cb0533cf3d35bc196b0", element="f.36906069E1B0D2A4168FA07BB9EDCC15.d.8FD12944F5FE2FF19623189954E62417.e.152")&gt;</msg>
<var>${text}</var>
<arg>css=textarea[data-testid="base-request-form-text-area-observations"]</arg>
<doc>Returns the first WebElement matching the given ``locator``.</doc>
<status status="PASS" start="2025-05-29T12:10:23.685756" elapsed="0.004982"/>
</kw>
<kw name="Set Variable" owner="BuiltIn">
<msg time="2025-05-29T12:10:23.691128" level="INFO">${texto} = TESTE AUTOMATIZADO - QA</msg>
<var>${texto}</var>
<arg>${TEXTO_BASE} - ${QA}</arg>
<doc>Returns the given values which can then be assigned to a variables.</doc>
<status status="PASS" start="2025-05-29T12:10:23.690903" elapsed="0.000293"/>
</kw>
<kw name="Input Text" owner="SeleniumLibrary">
<msg time="2025-05-29T12:10:23.691485" level="INFO">Typing text 'TESTE AUTOMATIZADO - QA' into text field '&lt;selenium.webdriver.remote.webelement.WebElement (session="1a9fa4113c003cb0533cf3d35bc196b0", element="f.36906069E1B0D2A4168FA07BB9EDCC15.d.8FD12944F5FE2FF19623189954E62417.e.152")&gt;'.</msg>
<arg>${text}</arg>
<arg>${texto}</arg>
<doc>Types the given ``text`` into the text field identified by ``locator``.</doc>
<status status="PASS" start="2025-05-29T12:10:23.691304" elapsed="0.162190"/>
</kw>
<kw name="Sleep" owner="BuiltIn">
<msg time="2025-05-29T12:10:25.855516" level="INFO">Slept 2 seconds.</msg>
<arg>2s</arg>
<doc>Pauses the test executed for the given time.</doc>
<status status="PASS" start="2025-05-29T12:10:23.853738" elapsed="2.003723"/>
</kw>
<status status="PASS" start="2025-05-29T12:10:22.614822" elapsed="3.243640"/>
</kw>
<kw name="Clicar no botão Solicitar Relatório" owner="resource">
<kw name="Wait Until Element Is Visible" owner="SeleniumLibrary">
<arg>xpath=(//button[@data-testid="button-request-report" and not(@disabled) and not(ancestor::div[contains(@style,"display: none")])])[last()]</arg>
<arg>timeout=10s</arg>
<doc>Waits until the element ``locator`` is visible.</doc>
<status status="PASS" start="2025-05-29T12:10:25.860998" elapsed="0.020196"/>
</kw>
<kw name="Click Element" owner="SeleniumLibrary">
<msg time="2025-05-29T12:10:25.882101" level="INFO">Clicking element 'xpath=(//button[@data-testid="button-request-report" and not(@disabled) and not(ancestor::div[contains(@style,"display: none")])])[last()]'.</msg>
<arg>xpath=(//button[@data-testid="button-request-report" and not(@disabled) and not(ancestor::div[contains(@style,"display: none")])])[last()]</arg>
<doc>Click the element identified by ``locator``.</doc>
<status status="PASS" start="2025-05-29T12:10:25.881687" elapsed="0.051353"/>
</kw>
<kw name="Sleep" owner="BuiltIn">
<msg time="2025-05-29T12:10:26.933865" level="INFO">Slept 1 second.</msg>
<arg>1s</arg>
<doc>Pauses the test executed for the given time.</doc>
<status status="PASS" start="2025-05-29T12:10:25.933255" elapsed="1.001296"/>
</kw>
<status status="PASS" start="2025-05-29T12:10:25.860109" elapsed="1.074702"/>
</kw>
<kw name="Mensagem do front" owner="resource">
<kw name="Wait Until Element Is Visible" owner="SeleniumLibrary">
<arg>css=div.ant-notification-notice-message</arg>
<arg>timeout=10s</arg>
<doc>Waits until the element ``locator`` is visible.</doc>
<status status="PASS" start="2025-05-29T12:10:26.936011" elapsed="0.713865"/>
</kw>
<kw name="Element Should Contain" owner="SeleniumLibrary">
<msg time="2025-05-29T12:10:27.658614" level="INFO">Element 'css=div.ant-notification-notice-message' contains text 'Relatório solicitado com sucesso'.</msg>
<arg>css=div.ant-notification-notice-message</arg>
<arg>${mensagem}</arg>
<doc>Verifies that element ``locator`` contains text ``expected``.</doc>
<status status="PASS" start="2025-05-29T12:10:27.650247" elapsed="0.008553"/>
</kw>
<kw name="Sleep" owner="BuiltIn">
<msg time="2025-05-29T12:10:30.660267" level="INFO">Slept 3 seconds.</msg>
<arg>3s</arg>
<doc>Pauses the test executed for the given time.</doc>
<status status="PASS" start="2025-05-29T12:10:27.658942" elapsed="3.002854"/>
</kw>
<arg>Relatório solicitado com sucesso</arg>
<status status="PASS" start="2025-05-29T12:10:26.935371" elapsed="3.727231"/>
</kw>
<kw name="Fechar Browser" owner="resource">
<kw name="Sleep" owner="BuiltIn">
<msg time="2025-05-29T12:10:32.666557" level="INFO">Slept 2 seconds.</msg>
<arg>2s</arg>
<doc>Pauses the test executed for the given time.</doc>
<status status="PASS" start="2025-05-29T12:10:30.665190" elapsed="2.001975"/>
</kw>
<kw name="Close Browser" owner="SeleniumLibrary">
<doc>Closes the current browser.</doc>
<status status="PASS" start="2025-05-29T12:10:32.667657" elapsed="0.233437"/>
</kw>
<status status="PASS" start="2025-05-29T12:10:30.664317" elapsed="2.236955"/>
</kw>
<status status="PASS" start="2025-05-29T12:10:03.761332" elapsed="29.140101"/>
</test>
<test id="s1-t2" name="Solicitar Relatório Análise Detalhada de Desmatamento | EUDR" line="25">
<kw name="Login no Farm" owner="resource">
<kw name="Abrir Browser" owner="resource">
<kw name="Open Browser" owner="SeleniumLibrary">
<msg time="2025-05-29T12:10:32.902656" level="INFO">Opening browser 'Chrome' to base url 'https://dev-farmcheck.brainag.app/login'.</msg>
<arg>${url}</arg>
<arg>${browser}</arg>
<doc>Opens a new browser instance to the optional ``url``.</doc>
<status status="PASS" start="2025-05-29T12:10:32.902493" elapsed="3.976786"/>
</kw>
<kw name="Maximize Browser Window" owner="SeleniumLibrary">
<doc>Maximizes current browser window.</doc>
<status status="PASS" start="2025-05-29T12:10:36.879735" elapsed="0.361479"/>
</kw>
<arg>${URL}</arg>
<arg>${BROWSER}</arg>
<status status="PASS" start="2025-05-29T12:10:32.902263" elapsed="4.339277"/>
</kw>
<kw name="Titulo deve ser" owner="resource">
<kw name="Title Should Be" owner="SeleniumLibrary">
<msg time="2025-05-29T12:10:37.245730" level="INFO">Page title is 'Brain - Área Restrita'.</msg>
<arg>${title}</arg>
<doc>Verifies that the current page title equals ``title``.</doc>
<status status="PASS" start="2025-05-29T12:10:37.242106" elapsed="0.003844"/>
</kw>
<arg>${TITLE}</arg>
<status status="PASS" start="2025-05-29T12:10:37.241776" elapsed="0.004287"/>
</kw>
<kw name="Click Element" owner="SeleniumLibrary">
<msg time="2025-05-29T12:10:37.246440" level="INFO">Clicking element 'id:auth_username'.</msg>
<arg>id:auth_username</arg>
<doc>Click the element identified by ``locator``.</doc>
<status status="PASS" start="2025-05-29T12:10:37.246201" elapsed="0.041942"/>
</kw>
<kw name="Input Text" owner="SeleniumLibrary">
<msg time="2025-05-29T12:10:37.288647" level="INFO">Typing text 'michel.viana@br.experian.com' into text field 'id:auth_username'.</msg>
<arg>id:auth_username</arg>
<arg>${USER}</arg>
<doc>Types the given ``text`` into the text field identified by ``locator``.</doc>
<status status="PASS" start="2025-05-29T12:10:37.288396" elapsed="0.146699"/>
</kw>
<kw name="Click Element" owner="SeleniumLibrary">
<msg time="2025-05-29T12:10:37.436175" level="INFO">Clicking element 'id:auth_password'.</msg>
<arg>id:auth_password</arg>
<doc>Click the element identified by ``locator``.</doc>
<status status="PASS" start="2025-05-29T12:10:37.435688" elapsed="0.040050"/>
</kw>
<kw name="Input Password" owner="SeleniumLibrary">
<msg time="2025-05-29T12:10:37.476175" level="INFO">Typing password into text field 'id:auth_password'.</msg>
<msg time="2025-05-29T12:10:37.492607" level="INFO">Temporally setting log level to: NONE</msg>
<arg>id:auth_password</arg>
<arg>${PASS}</arg>
<doc>Types the given password into the text field identified by ``locator``.</doc>
<status status="PASS" start="2025-05-29T12:10:37.475956" elapsed="0.039116"/>
</kw>
<kw name="Click Button" owner="SeleniumLibrary">
<msg time="2025-05-29T12:10:37.515937" level="INFO">Clicking button '//button[@type='submit']'.</msg>
<arg>//button[@type='submit']</arg>
<doc>Clicks the button identified by ``locator``.</doc>
<status status="PASS" start="2025-05-29T12:10:37.515625" elapsed="0.057686"/>
</kw>
<kw name="Sleep" owner="BuiltIn">
<msg time="2025-05-29T12:10:39.574343" level="INFO">Slept 2 seconds.</msg>
<arg>2s</arg>
<doc>Pauses the test executed for the given time.</doc>
<status status="PASS" start="2025-05-29T12:10:37.573524" elapsed="2.001334"/>
</kw>
<status status="PASS" start="2025-05-29T12:10:32.902056" elapsed="6.673062"/>
</kw>
<kw name="Acessar modulo AgroReport" owner="resource">
<kw name="Wait Until Element Is Visible" owner="SeleniumLibrary">
<arg>css=.ant-drawer-content-wrapper</arg>
<arg>timeout=20s</arg>
<doc>Waits until the element ``locator`` is visible.</doc>
<status status="PASS" start="2025-05-29T12:10:39.576523" elapsed="0.022389"/>
</kw>
<kw name="Click Element" owner="SeleniumLibrary">
<msg time="2025-05-29T12:10:39.599408" level="INFO">Clicking element 'xpath=//*[contains(text(), 'Agro Report')]'.</msg>
<arg>xpath=//*[contains(text(), 'Agro Report')]</arg>
<doc>Click the element identified by ``locator``.</doc>
<status status="PASS" start="2025-05-29T12:10:39.599172" elapsed="1.918943"/>
</kw>
<kw name="Sleep" owner="BuiltIn">
<msg time="2025-05-29T12:10:44.519188" level="INFO">Slept 3 seconds.</msg>
<arg>3s</arg>
<doc>Pauses the test executed for the given time.</doc>
<status status="PASS" start="2025-05-29T12:10:41.518402" elapsed="3.003518"/>
</kw>
<kw name="Execute Javascript" owner="SeleniumLibrary">
<msg time="2025-05-29T12:10:44.525432" level="INFO">Executing JavaScript:
var iframe=document.getElementById('launcher');if(iframe) iframe.remove();
Without any arguments.</msg>
<arg>var iframe=document.getElementById('launcher');if(iframe) iframe.remove();</arg>
<doc>Executes the given JavaScript code with possible arguments.</doc>
<status status="PASS" start="2025-05-29T12:10:44.523196" elapsed="0.016383"/>
</kw>
<kw name="Execute Javascript" owner="SeleniumLibrary">
<msg time="2025-05-29T12:10:44.540751" level="INFO">Executing JavaScript:
var iframe=document.querySelector('iframe[title="Fechar mensagem"]');if(iframe) iframe.remove();
Without any arguments.</msg>
<arg>var iframe=document.querySelector('iframe[title="Fechar mensagem"]');if(iframe) iframe.remove();</arg>
<doc>Executes the given JavaScript code with possible arguments.</doc>
<status status="PASS" start="2025-05-29T12:10:44.540106" elapsed="0.010094"/>
</kw>
<kw name="Execute Javascript" owner="SeleniumLibrary">
<msg time="2025-05-29T12:10:44.550923" level="INFO">Executing JavaScript:
Array.from(document.querySelectorAll('div[style*="z-index: 999999"]')).forEach(function(el){el.remove();});
Without any arguments.</msg>
<arg>Array.from(document.querySelectorAll('div[style*="z-index: 999999"]')).forEach(function(el){el.remove();});</arg>
<doc>Executes the given JavaScript code with possible arguments.</doc>
<status status="PASS" start="2025-05-29T12:10:44.550493" elapsed="0.006390"/>
</kw>
<status status="PASS" start="2025-05-29T12:10:39.575940" elapsed="4.981132"/>
</kw>
<kw name="Selecionar card" owner="resource">
<kw name="Wait Until Element Is Visible" owner="SeleniumLibrary">
<arg>xpath=//*[normalize-space(text())='${relatorio}']</arg>
<arg>timeout=20s</arg>
<doc>Waits until the element ``locator`` is visible.</doc>
<status status="PASS" start="2025-05-29T12:10:44.557958" elapsed="0.022677"/>
</kw>
<kw name="Click Element" owner="SeleniumLibrary">
<msg time="2025-05-29T12:10:44.581153" level="INFO">Clicking element 'xpath=//h1[normalize-space(text())='Análise Detalhada de Desmatamento | EUDR']/ancestor::div[@data-testid='pb-t-report-card']//button[@data-testid='button-request-report']'.</msg>
<arg>xpath=//h1[normalize-space(text())='${relatorio}']/ancestor::div[@data-testid='pb-t-report-card']//button[@data-testid='button-request-report']</arg>
<doc>Click the element identified by ``locator``.</doc>
<status status="PASS" start="2025-05-29T12:10:44.580890" elapsed="0.094684"/>
</kw>
<kw name="Wait Until Element Is Visible" owner="SeleniumLibrary">
<arg>css=.ant-drawer-header-title</arg>
<arg>timeout=10s</arg>
<doc>Waits until the element ``locator`` is visible.</doc>
<status status="PASS" start="2025-05-29T12:10:44.676216" elapsed="0.227054"/>
</kw>
<kw name="Wait Until Element Contains" owner="SeleniumLibrary">
<arg>css=.ant-drawer-header-title</arg>
<arg>${relatorio}</arg>
<arg>timeout=10s</arg>
<doc>Waits until the element ``locator`` contains ``text``.</doc>
<status status="PASS" start="2025-05-29T12:10:44.903505" elapsed="0.012858"/>
</kw>
<kw name="Element Text Should Be" owner="SeleniumLibrary">
<msg time="2025-05-29T12:10:44.917009" level="INFO">Verifying element 'css=.ant-drawer-header-title' contains exact text 'Análise Detalhada de Desmatamento | EUDR'.</msg>
<arg>css=.ant-drawer-header-title</arg>
<arg>${relatorio}</arg>
<doc>Verifies that element ``locator`` contains exact the text ``expected``.</doc>
<status status="PASS" start="2025-05-29T12:10:44.916682" elapsed="0.010771"/>
</kw>
<kw name="Wait Until Element Is Visible" owner="SeleniumLibrary">
<arg>css=.ant-drawer-content-wrapper</arg>
<doc>Waits until the element ``locator`` is visible.</doc>
<status status="PASS" start="2025-05-29T12:10:44.927661" elapsed="0.009333"/>
</kw>
<kw name="Click Element" owner="SeleniumLibrary">
<msg time="2025-05-29T12:10:44.937378" level="INFO">Clicking element 'css=.sc-ikkxIA.ijzQGg'.</msg>
<arg>css=.sc-ikkxIA.ijzQGg</arg>
<doc>Click the element identified by ``locator``.</doc>
<status status="PASS" start="2025-05-29T12:10:44.937200" elapsed="0.044018"/>
</kw>
<kw name="Sleep" owner="BuiltIn">
<msg time="2025-05-29T12:10:45.983416" level="INFO">Slept 1 second.</msg>
<arg>1s</arg>
<doc>Pauses the test executed for the given time.</doc>
<status status="PASS" start="2025-05-29T12:10:44.981436" elapsed="1.002567"/>
</kw>
<arg>Análise Detalhada de Desmatamento | EUDR</arg>
<status status="PASS" start="2025-05-29T12:10:44.557487" elapsed="1.426840"/>
</kw>
<kw name="Selecionar Proprietário" owner="resource">
<kw name="Input Text" owner="SeleniumLibrary">
<msg time="2025-05-29T12:10:45.986611" level="INFO">Typing text '126' into text field 'css=#rc_select_16'.</msg>
<arg>css=#rc_select_16</arg>
<arg>${proprietario}</arg>
<doc>Types the given ``text`` into the text field identified by ``locator``.</doc>
<status status="PASS" start="2025-05-29T12:10:45.985966" elapsed="0.053418"/>
</kw>
<kw name="Wait Until Element Is Visible" owner="SeleniumLibrary">
<arg>xpath=//div[contains(@class, 'ant-select-item-option') and not(contains(@class, 'ant-select-item-option-disabled'))]</arg>
<arg>timeout=20s</arg>
<doc>Waits until the element ``locator`` is visible.</doc>
<status status="PASS" start="2025-05-29T12:10:46.039656" elapsed="1.291399"/>
</kw>
<kw name="Wait Until Element Is Enabled" owner="SeleniumLibrary">
<arg>xpath=//div[contains(@class, 'ant-select-item-option') and not(contains(@class, 'ant-select-item-option-disabled'))]</arg>
<arg>timeout=10s</arg>
<doc>Waits until the element ``locator`` is enabled.</doc>
<status status="PASS" start="2025-05-29T12:10:47.331361" elapsed="0.014283"/>
</kw>
<kw name="Get WebElement" owner="SeleniumLibrary">
<msg time="2025-05-29T12:10:47.350329" level="INFO">${dropdown} = &lt;selenium.webdriver.remote.webelement.WebElement (session="db0fe4ca465f6ac8ca37259d494ce723", element="f.16DB865C6360806E73D7425BD56494B7.d.46AECD49DEEF7DE6345ED9FC18E61E2D.e.143")&gt;</msg>
<var>${dropdown}</var>
<arg>css:#rc_select_16</arg>
<doc>Returns the first WebElement matching the given ``locator``.</doc>
<status status="PASS" start="2025-05-29T12:10:47.345832" elapsed="0.004619"/>
</kw>
<kw name="Press Key" owner="SeleniumLibrary">
<arg>${dropdown}</arg>
<arg>\\40</arg>
<doc>Simulates user pressing key on element identified by ``locator``.</doc>
<status status="PASS" start="2025-05-29T12:10:47.350595" elapsed="0.016174"/>
</kw>
<kw name="Sleep" owner="BuiltIn">
<msg time="2025-05-29T12:10:48.367680" level="INFO">Slept 1 second.</msg>
<arg>1s</arg>
<doc>Pauses the test executed for the given time.</doc>
<status status="PASS" start="2025-05-29T12:10:47.367097" elapsed="1.001883"/>
</kw>
<kw name="Press Key" owner="SeleniumLibrary">
<arg>${dropdown}</arg>
<arg>\\13</arg>
<doc>Simulates user pressing key on element identified by ``locator``.</doc>
<status status="PASS" start="2025-05-29T12:10:48.369842" elapsed="0.033561"/>
</kw>
<kw name="Sleep" owner="BuiltIn">
<msg time="2025-05-29T12:10:49.404275" level="INFO">Slept 1 second.</msg>
<arg>1s</arg>
<doc>Pauses the test executed for the given time.</doc>
<status status="PASS" start="2025-05-29T12:10:48.403692" elapsed="1.001190"/>
</kw>
<arg>126</arg>
<status status="PASS" start="2025-05-29T12:10:45.985257" elapsed="3.419972"/>
</kw>
<kw name="Selecionar Propriedade" owner="resource">
<kw name="Wait Until Element Is Visible" owner="SeleniumLibrary">
<arg>css=.sc-ikkxIA.ijzQGg.sc-kpKSZj.fUxKKk</arg>
<arg>timeout=10s</arg>
<doc>Waits until the element ``locator`` is visible.</doc>
<status status="PASS" start="2025-05-29T12:10:49.407990" elapsed="0.022314"/>
</kw>
<kw name="Click Element" owner="SeleniumLibrary">
<msg time="2025-05-29T12:10:49.431182" level="INFO">Clicking element 'css=.sc-ikkxIA.ijzQGg.sc-kpKSZj.fUxKKk'.</msg>
<arg>css=.sc-ikkxIA.ijzQGg.sc-kpKSZj.fUxKKk</arg>
<doc>Click the element identified by ``locator``.</doc>
<status status="PASS" start="2025-05-29T12:10:49.430788" elapsed="0.043240"/>
</kw>
<kw name="Get WebElement" owner="SeleniumLibrary">
<msg time="2025-05-29T12:10:49.485405" level="INFO">${dropdown} = &lt;selenium.webdriver.remote.webelement.WebElement (session="db0fe4ca465f6ac8ca37259d494ce723", element="f.16DB865C6360806E73D7425BD56494B7.d.46AECD49DEEF7DE6345ED9FC18E61E2D.e.144")&gt;</msg>
<var>${dropdown}</var>
<arg>css=#rc_select_17</arg>
<doc>Returns the first WebElement matching the given ``locator``.</doc>
<status status="PASS" start="2025-05-29T12:10:49.474259" elapsed="0.011342"/>
</kw>
<kw name="Press Key" owner="SeleniumLibrary">
<arg>${dropdown}</arg>
<arg>\\40</arg>
<doc>Simulates user pressing key on element identified by ``locator``.</doc>
<status status="PASS" start="2025-05-29T12:10:49.485788" elapsed="0.012889"/>
</kw>
<kw name="Sleep" owner="BuiltIn">
<msg time="2025-05-29T12:10:50.501144" level="INFO">Slept 1 second.</msg>
<arg>1s</arg>
<doc>Pauses the test executed for the given time.</doc>
<status status="PASS" start="2025-05-29T12:10:49.498898" elapsed="1.003942"/>
</kw>
<kw name="Press Key" owner="SeleniumLibrary">
<arg>${dropdown}</arg>
<arg>\\13</arg>
<doc>Simulates user pressing key on element identified by ``locator``.</doc>
<status status="PASS" start="2025-05-29T12:10:50.504230" elapsed="0.038199"/>
</kw>
<status status="PASS" start="2025-05-29T12:10:49.407172" elapsed="1.135557"/>
</kw>
<kw name="Selecionar Idioma" owner="resource">
<kw name="Click Element" owner="SeleniumLibrary">
<msg time="2025-05-29T12:10:50.544856" level="INFO">Clicking element 'xpath=//input[@id='deforestation-eudr-language-select']/ancestor::div[contains(@class, 'ant-select')]'.</msg>
<arg>xpath=//input[@id='deforestation-eudr-language-select']/ancestor::div[contains(@class, 'ant-select')]</arg>
<doc>Click the element identified by ``locator``.</doc>
<status status="PASS" start="2025-05-29T12:10:50.544596" elapsed="0.044179"/>
</kw>
<kw name="Sleep" owner="BuiltIn">
<msg time="2025-05-29T12:10:51.590258" level="INFO">Slept 1 second.</msg>
<arg>1s</arg>
<doc>Pauses the test executed for the given time.</doc>
<status status="PASS" start="2025-05-29T12:10:50.588988" elapsed="1.001841"/>
</kw>
<kw name="Wait Until Element Is Visible" owner="SeleniumLibrary">
<arg>xpath=//div[contains(@class, 'ant-select-item-option-content') and normalize-space(text())='${idioma}']</arg>
<arg>timeout=5s</arg>
<doc>Waits until the element ``locator`` is visible.</doc>
<status status="PASS" start="2025-05-29T12:10:51.591328" elapsed="0.022080"/>
</kw>
<kw name="Click Element" owner="SeleniumLibrary">
<msg time="2025-05-29T12:10:51.614320" level="INFO">Clicking element 'xpath=//div[contains(@class, 'ant-select-item-option-content') and normalize-space(text())='Inglês']'.</msg>
<arg>xpath=//div[contains(@class, 'ant-select-item-option-content') and normalize-space(text())='${idioma}']</arg>
<doc>Click the element identified by ``locator``.</doc>
<status status="PASS" start="2025-05-29T12:10:51.613850" elapsed="0.044318"/>
</kw>
<arg>Inglês</arg>
<status status="PASS" start="2025-05-29T12:10:50.543633" elapsed="1.114708"/>
</kw>
<kw name="Selecionar Commodity" owner="resource">
<kw name="Click Element" owner="SeleniumLibrary">
<msg time="2025-05-29T12:10:51.659760" level="INFO">Clicking element 'xpath=//input[@id='rc_select_20']/ancestor::div[contains(@class, 'ant-select')]'.</msg>
<arg>xpath=//input[@id='rc_select_20']/ancestor::div[contains(@class, 'ant-select')]</arg>
<doc>Click the element identified by ``locator``.</doc>
<status status="PASS" start="2025-05-29T12:10:51.659552" elapsed="0.041015"/>
</kw>
<kw name="Sleep" owner="BuiltIn">
<msg time="2025-05-29T12:10:52.701283" level="INFO">Slept 1 second.</msg>
<arg>1s</arg>
<doc>Pauses the test executed for the given time.</doc>
<status status="PASS" start="2025-05-29T12:10:51.700780" elapsed="1.000701"/>
</kw>
<kw name="Wait Until Element Is Visible" owner="SeleniumLibrary">
<arg>xpath=//div[contains(@class, 'ant-select-item-option-content') and normalize-space(text())='${commodity}']</arg>
<arg>timeout=5s</arg>
<doc>Waits until the element ``locator`` is visible.</doc>
<status status="PASS" start="2025-05-29T12:10:52.701639" elapsed="0.010504"/>
</kw>
<kw name="Click Element" owner="SeleniumLibrary">
<msg time="2025-05-29T12:10:52.712568" level="INFO">Clicking element 'xpath=//div[contains(@class, 'ant-select-item-option-content') and normalize-space(text())='Café']'.</msg>
<arg>xpath=//div[contains(@class, 'ant-select-item-option-content') and normalize-space(text())='${commodity}']</arg>
<doc>Click the element identified by ``locator``.</doc>
<status status="PASS" start="2025-05-29T12:10:52.712348" elapsed="0.034408"/>
</kw>
<arg>Café</arg>
<status status="PASS" start="2025-05-29T12:10:51.658866" elapsed="1.088055"/>
</kw>
<kw name="Clicar no botão Solicitar Relatório" owner="resource">
<kw name="Wait Until Element Is Visible" owner="SeleniumLibrary">
<arg>xpath=(//button[@data-testid="button-request-report" and not(@disabled) and not(ancestor::div[contains(@style,"display: none")])])[last()]</arg>
<arg>timeout=10s</arg>
<doc>Waits until the element ``locator`` is visible.</doc>
<status status="PASS" start="2025-05-29T12:10:52.747352" elapsed="0.010898"/>
</kw>
<kw name="Click Element" owner="SeleniumLibrary">
<msg time="2025-05-29T12:10:52.758842" level="INFO">Clicking element 'xpath=(//button[@data-testid="button-request-report" and not(@disabled) and not(ancestor::div[contains(@style,"display: none")])])[last()]'.</msg>
<arg>xpath=(//button[@data-testid="button-request-report" and not(@disabled) and not(ancestor::div[contains(@style,"display: none")])])[last()]</arg>
<doc>Click the element identified by ``locator``.</doc>
<status status="PASS" start="2025-05-29T12:10:52.758577" elapsed="0.043744"/>
</kw>
<kw name="Sleep" owner="BuiltIn">
<msg time="2025-05-29T12:10:53.805932" level="INFO">Slept 1 second.</msg>
<arg>1s</arg>
<doc>Pauses the test executed for the given time.</doc>
<status status="PASS" start="2025-05-29T12:10:52.804317" elapsed="1.001815"/>
</kw>
<status status="PASS" start="2025-05-29T12:10:52.747131" elapsed="1.059114"/>
</kw>
<kw name="Mensagem do front" owner="resource">
<kw name="Wait Until Element Is Visible" owner="SeleniumLibrary">
<arg>css=div.ant-notification-notice-message</arg>
<arg>timeout=10s</arg>
<doc>Waits until the element ``locator`` is visible.</doc>
<status status="PASS" start="2025-05-29T12:10:53.806794" elapsed="0.010886"/>
</kw>
<kw name="Element Should Contain" owner="SeleniumLibrary">
<msg time="2025-05-29T12:10:53.826556" level="INFO">Element 'css=div.ant-notification-notice-message' contains text 'Relatório solicitado com sucesso'.</msg>
<arg>css=div.ant-notification-notice-message</arg>
<arg>${mensagem}</arg>
<doc>Verifies that element ``locator`` contains text ``expected``.</doc>
<status status="PASS" start="2025-05-29T12:10:53.817893" elapsed="0.008925"/>
</kw>
<kw name="Sleep" owner="BuiltIn">
<msg time="2025-05-29T12:10:56.829393" level="INFO">Slept 3 seconds.</msg>
<arg>3s</arg>
<doc>Pauses the test executed for the given time.</doc>
<status status="PASS" start="2025-05-29T12:10:53.827017" elapsed="3.003099"/>
</kw>
<arg>Relatório solicitado com sucesso</arg>
<status status="PASS" start="2025-05-29T12:10:53.806518" elapsed="3.024092"/>
</kw>
<kw name="Fechar Browser" owner="resource">
<kw name="Sleep" owner="BuiltIn">
<msg time="2025-05-29T12:10:58.836683" level="INFO">Slept 2 seconds.</msg>
<arg>2s</arg>
<doc>Pauses the test executed for the given time.</doc>
<status status="PASS" start="2025-05-29T12:10:56.833581" elapsed="2.003407"/>
</kw>
<kw name="Close Browser" owner="SeleniumLibrary">
<doc>Closes the current browser.</doc>
<status status="PASS" start="2025-05-29T12:10:58.837220" elapsed="0.244929"/>
</kw>
<status status="PASS" start="2025-05-29T12:10:56.832488" elapsed="2.249821"/>
</kw>
<status status="PASS" start="2025-05-29T12:10:32.901709" elapsed="26.180841"/>
</test>
<test id="s1-t3" name="Solicitar Relatório Conformidade Socioambiental" line="37">
<kw name="Login no Farm" owner="resource">
<kw name="Abrir Browser" owner="resource">
<kw name="Open Browser" owner="SeleniumLibrary">
<msg time="2025-05-29T12:10:59.084095" level="INFO">Opening browser 'Chrome' to base url 'https://dev-farmcheck.brainag.app/login'.</msg>
<arg>${url}</arg>
<arg>${browser}</arg>
<doc>Opens a new browser instance to the optional ``url``.</doc>
<status status="PASS" start="2025-05-29T12:10:59.083914" elapsed="5.456091"/>
</kw>
<kw name="Maximize Browser Window" owner="SeleniumLibrary">
<doc>Maximizes current browser window.</doc>
<status status="PASS" start="2025-05-29T12:11:04.540458" elapsed="0.360023"/>
</kw>
<arg>${URL}</arg>
<arg>${BROWSER}</arg>
<status status="PASS" start="2025-05-29T12:10:59.083556" elapsed="5.817092"/>
</kw>
<kw name="Titulo deve ser" owner="resource">
<kw name="Title Should Be" owner="SeleniumLibrary">
<msg time="2025-05-29T12:11:04.904162" level="INFO">Page title is 'Brain - Área Restrita'.</msg>
<arg>${title}</arg>
<doc>Verifies that the current page title equals ``title``.</doc>
<status status="PASS" start="2025-05-29T12:11:04.901139" elapsed="0.003205"/>
</kw>
<arg>${TITLE}</arg>
<status status="PASS" start="2025-05-29T12:11:04.900833" elapsed="0.003597"/>
</kw>
<kw name="Click Element" owner="SeleniumLibrary">
<msg time="2025-05-29T12:11:04.904760" level="INFO">Clicking element 'id:auth_username'.</msg>
<arg>id:auth_username</arg>
<doc>Click the element identified by ``locator``.</doc>
<status status="PASS" start="2025-05-29T12:11:04.904546" elapsed="0.040347"/>
</kw>
<kw name="Input Text" owner="SeleniumLibrary">
<msg time="2025-05-29T12:11:04.945417" level="INFO">Typing text 'michel.viana@br.experian.com' into text field 'id:auth_username'.</msg>
<arg>id:auth_username</arg>
<arg>${USER}</arg>
<doc>Types the given ``text`` into the text field identified by ``locator``.</doc>
<status status="PASS" start="2025-05-29T12:11:04.945168" elapsed="0.146481"/>
</kw>
<kw name="Click Element" owner="SeleniumLibrary">
<msg time="2025-05-29T12:11:05.092076" level="INFO">Clicking element 'id:auth_password'.</msg>
<arg>id:auth_password</arg>
<doc>Click the element identified by ``locator``.</doc>
<status status="PASS" start="2025-05-29T12:11:05.091880" elapsed="0.036300"/>
</kw>
<kw name="Input Password" owner="SeleniumLibrary">
<msg time="2025-05-29T12:11:05.128731" level="INFO">Typing password into text field 'id:auth_password'.</msg>
<msg time="2025-05-29T12:11:05.149421" level="INFO">Temporally setting log level to: NONE</msg>
<arg>id:auth_password</arg>
<arg>${PASS}</arg>
<doc>Types the given password into the text field identified by ``locator``.</doc>
<status status="PASS" start="2025-05-29T12:11:05.128400" elapsed="0.044033"/>
</kw>
<kw name="Click Button" owner="SeleniumLibrary">
<msg time="2025-05-29T12:11:05.172811" level="INFO">Clicking button '//button[@type='submit']'.</msg>
<arg>//button[@type='submit']</arg>
<doc>Clicks the button identified by ``locator``.</doc>
<status status="PASS" start="2025-05-29T12:11:05.172642" elapsed="0.067112"/>
</kw>
<kw name="Sleep" owner="BuiltIn">
<msg time="2025-05-29T12:11:07.241631" level="INFO">Slept 2 seconds.</msg>
<arg>2s</arg>
<doc>Pauses the test executed for the given time.</doc>
<status status="PASS" start="2025-05-29T12:11:05.239973" elapsed="2.002156"/>
</kw>
<status status="PASS" start="2025-05-29T12:10:59.083244" elapsed="8.159190"/>
</kw>
<kw name="Acessar modulo AgroReport" owner="resource">
<kw name="Wait Until Element Is Visible" owner="SeleniumLibrary">
<arg>css=.ant-drawer-content-wrapper</arg>
<arg>timeout=20s</arg>
<doc>Waits until the element ``locator`` is visible.</doc>
<status status="PASS" start="2025-05-29T12:11:07.244544" elapsed="0.034776"/>
</kw>
<kw name="Click Element" owner="SeleniumLibrary">
<msg time="2025-05-29T12:11:07.279905" level="INFO">Clicking element 'xpath=//*[contains(text(), 'Agro Report')]'.</msg>
<arg>xpath=//*[contains(text(), 'Agro Report')]</arg>
<doc>Click the element identified by ``locator``.</doc>
<status status="PASS" start="2025-05-29T12:11:07.279642" elapsed="1.978062"/>
</kw>
<kw name="Sleep" owner="BuiltIn">
<msg time="2025-05-29T12:11:12.258502" level="INFO">Slept 3 seconds.</msg>
<arg>3s</arg>
<doc>Pauses the test executed for the given time.</doc>
<status status="PASS" start="2025-05-29T12:11:09.257920" elapsed="3.002533"/>
</kw>
<kw name="Execute Javascript" owner="SeleniumLibrary">
<msg time="2025-05-29T12:11:12.263927" level="INFO">Executing JavaScript:
var iframe=document.getElementById('launcher');if(iframe) iframe.remove();
Without any arguments.</msg>
<arg>var iframe=document.getElementById('launcher');if(iframe) iframe.remove();</arg>
<doc>Executes the given JavaScript code with possible arguments.</doc>
<status status="PASS" start="2025-05-29T12:11:12.261899" elapsed="0.015059"/>
</kw>
<kw name="Execute Javascript" owner="SeleniumLibrary">
<msg time="2025-05-29T12:11:12.278024" level="INFO">Executing JavaScript:
var iframe=document.querySelector('iframe[title="Fechar mensagem"]');if(iframe) iframe.remove();
Without any arguments.</msg>
<arg>var iframe=document.querySelector('iframe[title="Fechar mensagem"]');if(iframe) iframe.remove();</arg>
<doc>Executes the given JavaScript code with possible arguments.</doc>
<status status="PASS" start="2025-05-29T12:11:12.277419" elapsed="0.009931"/>
</kw>
<kw name="Execute Javascript" owner="SeleniumLibrary">
<msg time="2025-05-29T12:11:12.288237" level="INFO">Executing JavaScript:
Array.from(document.querySelectorAll('div[style*="z-index: 999999"]')).forEach(function(el){el.remove();});
Without any arguments.</msg>
<arg>Array.from(document.querySelectorAll('div[style*="z-index: 999999"]')).forEach(function(el){el.remove();});</arg>
<doc>Executes the given JavaScript code with possible arguments.</doc>
<status status="PASS" start="2025-05-29T12:11:12.287776" elapsed="0.006103"/>
</kw>
<status status="PASS" start="2025-05-29T12:11:07.243586" elapsed="5.050515"/>
</kw>
<kw name="Selecionar card" owner="resource">
<kw name="Wait Until Element Is Visible" owner="SeleniumLibrary">
<arg>xpath=//*[normalize-space(text())='${relatorio}']</arg>
<arg>timeout=20s</arg>
<doc>Waits until the element ``locator`` is visible.</doc>
<status status="PASS" start="2025-05-29T12:11:12.294904" elapsed="0.038096"/>
</kw>
<kw name="Click Element" owner="SeleniumLibrary">
<msg time="2025-05-29T12:11:12.333486" level="INFO">Clicking element 'xpath=//h1[normalize-space(text())='Conformidade Socioambiental']/ancestor::div[@data-testid='pb-t-report-card']//button[@data-testid='button-request-report']'.</msg>
<arg>xpath=//h1[normalize-space(text())='${relatorio}']/ancestor::div[@data-testid='pb-t-report-card']//button[@data-testid='button-request-report']</arg>
<doc>Click the element identified by ``locator``.</doc>
<status status="PASS" start="2025-05-29T12:11:12.333233" elapsed="0.084576"/>
</kw>
<kw name="Wait Until Element Is Visible" owner="SeleniumLibrary">
<arg>css=.ant-drawer-header-title</arg>
<arg>timeout=10s</arg>
<doc>Waits until the element ``locator`` is visible.</doc>
<status status="PASS" start="2025-05-29T12:11:12.418442" elapsed="0.230044"/>
</kw>
<kw name="Wait Until Element Contains" owner="SeleniumLibrary">
<arg>css=.ant-drawer-header-title</arg>
<arg>${relatorio}</arg>
<arg>timeout=10s</arg>
<doc>Waits until the element ``locator`` contains ``text``.</doc>
<status status="PASS" start="2025-05-29T12:11:12.648701" elapsed="0.013748"/>
</kw>
<kw name="Element Text Should Be" owner="SeleniumLibrary">
<msg time="2025-05-29T12:11:12.662923" level="INFO">Verifying element 'css=.ant-drawer-header-title' contains exact text 'Conformidade Socioambiental'.</msg>
<arg>css=.ant-drawer-header-title</arg>
<arg>${relatorio}</arg>
<doc>Verifies that element ``locator`` contains exact the text ``expected``.</doc>
<status status="PASS" start="2025-05-29T12:11:12.662677" elapsed="0.010848"/>
</kw>
<kw name="Wait Until Element Is Visible" owner="SeleniumLibrary">
<arg>css=.ant-drawer-content-wrapper</arg>
<doc>Waits until the element ``locator`` is visible.</doc>
<status status="PASS" start="2025-05-29T12:11:12.673766" elapsed="0.008830"/>
</kw>
<kw name="Click Element" owner="SeleniumLibrary">
<msg time="2025-05-29T12:11:12.682998" level="INFO">Clicking element 'css=.sc-ikkxIA.ijzQGg'.</msg>
<arg>css=.sc-ikkxIA.ijzQGg</arg>
<doc>Click the element identified by ``locator``.</doc>
<status status="PASS" start="2025-05-29T12:11:12.682796" elapsed="0.044704"/>
</kw>
<kw name="Sleep" owner="BuiltIn">
<msg time="2025-05-29T12:11:13.730262" level="INFO">Slept 1 second.</msg>
<arg>1s</arg>
<doc>Pauses the test executed for the given time.</doc>
<status status="PASS" start="2025-05-29T12:11:12.727714" elapsed="1.003134"/>
</kw>
<arg>Conformidade Socioambiental</arg>
<status status="PASS" start="2025-05-29T12:11:12.294479" elapsed="1.436674"/>
</kw>
<kw name="Selecionar Proprietário" owner="resource">
<kw name="Input Text" owner="SeleniumLibrary">
<msg time="2025-05-29T12:11:13.733462" level="INFO">Typing text '126' into text field 'css=#rc_select_16'.</msg>
<arg>css=#rc_select_16</arg>
<arg>${proprietario}</arg>
<doc>Types the given ``text`` into the text field identified by ``locator``.</doc>
<status status="PASS" start="2025-05-29T12:11:13.732705" elapsed="0.056684"/>
</kw>
<kw name="Wait Until Element Is Visible" owner="SeleniumLibrary">
<arg>xpath=//div[contains(@class, 'ant-select-item-option') and not(contains(@class, 'ant-select-item-option-disabled'))]</arg>
<arg>timeout=20s</arg>
<doc>Waits until the element ``locator`` is visible.</doc>
<status status="PASS" start="2025-05-29T12:11:13.789649" elapsed="1.315642"/>
</kw>
<kw name="Wait Until Element Is Enabled" owner="SeleniumLibrary">
<arg>xpath=//div[contains(@class, 'ant-select-item-option') and not(contains(@class, 'ant-select-item-option-disabled'))]</arg>
<arg>timeout=10s</arg>
<doc>Waits until the element ``locator`` is enabled.</doc>
<status status="PASS" start="2025-05-29T12:11:15.105511" elapsed="0.013278"/>
</kw>
<kw name="Get WebElement" owner="SeleniumLibrary">
<msg time="2025-05-29T12:11:15.123163" level="INFO">${dropdown} = &lt;selenium.webdriver.remote.webelement.WebElement (session="f7386a812de7a8dadaefb23c34f78799", element="f.5FF5BC7742E8F91F0EBE3A2008D18EFA.d.23B1552D1D469FA96003B52A41FD6FA0.e.140")&gt;</msg>
<var>${dropdown}</var>
<arg>css:#rc_select_16</arg>
<doc>Returns the first WebElement matching the given ``locator``.</doc>
<status status="PASS" start="2025-05-29T12:11:15.118959" elapsed="0.004318"/>
</kw>
<kw name="Press Key" owner="SeleniumLibrary">
<arg>${dropdown}</arg>
<arg>\\40</arg>
<doc>Simulates user pressing key on element identified by ``locator``.</doc>
<status status="PASS" start="2025-05-29T12:11:15.123408" elapsed="0.014661"/>
</kw>
<kw name="Sleep" owner="BuiltIn">
<msg time="2025-05-29T12:11:16.139426" level="INFO">Slept 1 second.</msg>
<arg>1s</arg>
<doc>Pauses the test executed for the given time.</doc>
<status status="PASS" start="2025-05-29T12:11:15.138298" elapsed="1.003265"/>
</kw>
<kw name="Press Key" owner="SeleniumLibrary">
<arg>${dropdown}</arg>
<arg>\\13</arg>
<doc>Simulates user pressing key on element identified by ``locator``.</doc>
<status status="PASS" start="2025-05-29T12:11:16.142703" elapsed="0.037873"/>
</kw>
<kw name="Sleep" owner="BuiltIn">
<msg time="2025-05-29T12:11:17.182197" level="INFO">Slept 1 second.</msg>
<arg>1s</arg>
<doc>Pauses the test executed for the given time.</doc>
<status status="PASS" start="2025-05-29T12:11:16.180867" elapsed="1.002673"/>
</kw>
<arg>126</arg>
<status status="PASS" start="2025-05-29T12:11:13.731915" elapsed="3.452568"/>
</kw>
<kw name="Selecionar Propriedade" owner="resource">
<kw name="Wait Until Element Is Visible" owner="SeleniumLibrary">
<arg>css=.sc-ikkxIA.ijzQGg.sc-kpKSZj.fUxKKk</arg>
<arg>timeout=10s</arg>
<doc>Waits until the element ``locator`` is visible.</doc>
<status status="PASS" start="2025-05-29T12:11:17.187701" elapsed="0.021827"/>
</kw>
<kw name="Click Element" owner="SeleniumLibrary">
<msg time="2025-05-29T12:11:17.210450" level="INFO">Clicking element 'css=.sc-ikkxIA.ijzQGg.sc-kpKSZj.fUxKKk'.</msg>
<arg>css=.sc-ikkxIA.ijzQGg.sc-kpKSZj.fUxKKk</arg>
<doc>Click the element identified by ``locator``.</doc>
<status status="PASS" start="2025-05-29T12:11:17.210011" elapsed="0.050021"/>
</kw>
<kw name="Get WebElement" owner="SeleniumLibrary">
<msg time="2025-05-29T12:11:17.269281" level="INFO">${dropdown} = &lt;selenium.webdriver.remote.webelement.WebElement (session="f7386a812de7a8dadaefb23c34f78799", element="f.5FF5BC7742E8F91F0EBE3A2008D18EFA.d.23B1552D1D469FA96003B52A41FD6FA0.e.141")&gt;</msg>
<var>${dropdown}</var>
<arg>css=#rc_select_17</arg>
<doc>Returns the first WebElement matching the given ``locator``.</doc>
<status status="PASS" start="2025-05-29T12:11:17.260248" elapsed="0.009263"/>
</kw>
<kw name="Press Key" owner="SeleniumLibrary">
<arg>${dropdown}</arg>
<arg>\\40</arg>
<doc>Simulates user pressing key on element identified by ``locator``.</doc>
<status status="PASS" start="2025-05-29T12:11:17.269710" elapsed="0.039955"/>
</kw>
<kw name="Sleep" owner="BuiltIn">
<msg time="2025-05-29T12:11:18.310808" level="INFO">Slept 1 second.</msg>
<arg>1s</arg>
<doc>Pauses the test executed for the given time.</doc>
<status status="PASS" start="2025-05-29T12:11:17.309911" elapsed="1.001421"/>
</kw>
<kw name="Press Key" owner="SeleniumLibrary">
<arg>${dropdown}</arg>
<arg>\\13</arg>
<doc>Simulates user pressing key on element identified by ``locator``.</doc>
<status status="PASS" start="2025-05-29T12:11:18.311782" elapsed="0.035985"/>
</kw>
<status status="PASS" start="2025-05-29T12:11:17.186758" elapsed="1.161226"/>
</kw>
<kw name="Selecionar Todos os Criterios Socioambientais" owner="resource">
<kw name="Click Element" owner="SeleniumLibrary">
<msg time="2025-05-29T12:11:18.349107" level="INFO">Clicking element 'xpath=//div[@id='tags-input-container']'.</msg>
<arg>xpath=//div[@id='tags-input-container']</arg>
<doc>Click the element identified by ``locator``.</doc>
<status status="PASS" start="2025-05-29T12:11:18.348820" elapsed="0.049265"/>
</kw>
<kw name="Wait Until Element Is Visible" owner="SeleniumLibrary">
<arg>xpath=//span[normalize-space(text())="Selecionar Todos"]</arg>
<arg>timeout=10s</arg>
<doc>Waits until the element ``locator`` is visible.</doc>
<status status="PASS" start="2025-05-29T12:11:18.398288" elapsed="0.012577"/>
</kw>
<kw name="Click Element" owner="SeleniumLibrary">
<msg time="2025-05-29T12:11:18.411375" level="INFO">Clicking element 'xpath=//input[@data-testid="check-all-checkbox"]'.</msg>
<arg>xpath=//input[@data-testid="check-all-checkbox"]</arg>
<doc>Click the element identified by ``locator``.</doc>
<status status="PASS" start="2025-05-29T12:11:18.411099" elapsed="0.062077"/>
</kw>
<status status="PASS" start="2025-05-29T12:11:18.348349" elapsed="0.125186"/>
</kw>
<kw name="Clicar no botão Solicitar Relatório" owner="resource">
<kw name="Wait Until Element Is Visible" owner="SeleniumLibrary">
<arg>xpath=(//button[@data-testid="button-request-report" and not(@disabled) and not(ancestor::div[contains(@style,"display: none")])])[last()]</arg>
<arg>timeout=10s</arg>
<doc>Waits until the element ``locator`` is visible.</doc>
<status status="PASS" start="2025-05-29T12:11:18.474265" elapsed="0.015327"/>
</kw>
<kw name="Click Element" owner="SeleniumLibrary">
<msg time="2025-05-29T12:11:18.490029" level="INFO">Clicking element 'xpath=(//button[@data-testid="button-request-report" and not(@disabled) and not(ancestor::div[contains(@style,"display: none")])])[last()]'.</msg>
<arg>xpath=(//button[@data-testid="button-request-report" and not(@disabled) and not(ancestor::div[contains(@style,"display: none")])])[last()]</arg>
<doc>Click the element identified by ``locator``.</doc>
<status status="PASS" start="2025-05-29T12:11:18.489825" elapsed="0.055767"/>
</kw>
<kw name="Sleep" owner="BuiltIn">
<msg time="2025-05-29T12:11:19.547256" level="INFO">Slept 1 second.</msg>
<arg>1s</arg>
<doc>Pauses the test executed for the given time.</doc>
<status status="PASS" start="2025-05-29T12:11:18.545844" elapsed="1.001620"/>
</kw>
<status status="PASS" start="2025-05-29T12:11:18.473916" elapsed="1.073663"/>
</kw>
<kw name="Mensagem do front" owner="resource">
<kw name="Wait Until Element Is Visible" owner="SeleniumLibrary">
<arg>css=div.ant-notification-notice-message</arg>
<arg>timeout=10s</arg>
<doc>Waits until the element ``locator`` is visible.</doc>
<status status="PASS" start="2025-05-29T12:11:19.548220" elapsed="0.010636"/>
</kw>
<kw name="Element Should Contain" owner="SeleniumLibrary">
<msg time="2025-05-29T12:11:19.567483" level="INFO">Element 'css=div.ant-notification-notice-message' contains text 'Relatório solicitado com sucesso'.</msg>
<arg>css=div.ant-notification-notice-message</arg>
<arg>${mensagem}</arg>
<doc>Verifies that element ``locator`` contains text ``expected``.</doc>
<status status="PASS" start="2025-05-29T12:11:19.559060" elapsed="0.008627"/>
</kw>
<kw name="Sleep" owner="BuiltIn">
<msg time="2025-05-29T12:11:22.569466" level="INFO">Slept 3 seconds.</msg>
<arg>3s</arg>
<doc>Pauses the test executed for the given time.</doc>
<status status="PASS" start="2025-05-29T12:11:19.567847" elapsed="3.003227"/>
</kw>
<arg>Relatório solicitado com sucesso</arg>
<status status="PASS" start="2025-05-29T12:11:19.547894" elapsed="3.024003"/>
</kw>
<kw name="Fechar Browser" owner="resource">
<kw name="Sleep" owner="BuiltIn">
<msg time="2025-05-29T12:11:24.576395" level="INFO">Slept 2 seconds.</msg>
<arg>2s</arg>
<doc>Pauses the test executed for the given time.</doc>
<status status="PASS" start="2025-05-29T12:11:22.574873" elapsed="2.003220"/>
</kw>
<kw name="Close Browser" owner="SeleniumLibrary">
<doc>Closes the current browser.</doc>
<status status="PASS" start="2025-05-29T12:11:24.579421" elapsed="0.254329"/>
</kw>
<status status="PASS" start="2025-05-29T12:11:22.574005" elapsed="2.259898"/>
</kw>
<status status="PASS" start="2025-05-29T12:10:59.082848" elapsed="25.751225"/>
</test>
<test id="s1-t4" name="Solicitar Relatório Conformidade Socioambiental | EUDR" line="48">
<kw name="Login no Farm" owner="resource">
<kw name="Abrir Browser" owner="resource">
<kw name="Open Browser" owner="SeleniumLibrary">
<msg time="2025-05-29T12:11:24.835746" level="INFO">Opening browser 'Chrome' to base url 'https://dev-farmcheck.brainag.app/login'.</msg>
<arg>${url}</arg>
<arg>${browser}</arg>
<doc>Opens a new browser instance to the optional ``url``.</doc>
<status status="PASS" start="2025-05-29T12:11:24.835548" elapsed="3.743740"/>
</kw>
<kw name="Maximize Browser Window" owner="SeleniumLibrary">
<doc>Maximizes current browser window.</doc>
<status status="PASS" start="2025-05-29T12:11:28.579783" elapsed="0.359521"/>
</kw>
<arg>${URL}</arg>
<arg>${BROWSER}</arg>
<status status="PASS" start="2025-05-29T12:11:24.835119" elapsed="4.104367"/>
</kw>
<kw name="Titulo deve ser" owner="resource">
<kw name="Title Should Be" owner="SeleniumLibrary">
<msg time="2025-05-29T12:11:28.943522" level="INFO">Page title is 'Brain - Área Restrita'.</msg>
<arg>${title}</arg>
<doc>Verifies that the current page title equals ``title``.</doc>
<status status="PASS" start="2025-05-29T12:11:28.939975" elapsed="0.003756"/>
</kw>
<arg>${TITLE}</arg>
<status status="PASS" start="2025-05-29T12:11:28.939667" elapsed="0.004151"/>
</kw>
<kw name="Click Element" owner="SeleniumLibrary">
<msg time="2025-05-29T12:11:28.944115" level="INFO">Clicking element 'id:auth_username'.</msg>
<arg>id:auth_username</arg>
<doc>Click the element identified by ``locator``.</doc>
<status status="PASS" start="2025-05-29T12:11:28.943941" elapsed="0.040633"/>
</kw>
<kw name="Input Text" owner="SeleniumLibrary">
<msg time="2025-05-29T12:11:28.985037" level="INFO">Typing text 'michel.viana@br.experian.com' into text field 'id:auth_username'.</msg>
<arg>id:auth_username</arg>
<arg>${USER}</arg>
<doc>Types the given ``text`` into the text field identified by ``locator``.</doc>
<status status="PASS" start="2025-05-29T12:11:28.984804" elapsed="0.157926"/>
</kw>
<kw name="Click Element" owner="SeleniumLibrary">
<msg time="2025-05-29T12:11:29.143991" level="INFO">Clicking element 'id:auth_password'.</msg>
<arg>id:auth_password</arg>
<doc>Click the element identified by ``locator``.</doc>
<status status="PASS" start="2025-05-29T12:11:29.143045" elapsed="0.041263"/>
</kw>
<kw name="Input Password" owner="SeleniumLibrary">
<msg time="2025-05-29T12:11:29.184762" level="INFO">Typing password into text field 'id:auth_password'.</msg>
<msg time="2025-05-29T12:11:29.202021" level="INFO">Temporally setting log level to: NONE</msg>
<arg>id:auth_password</arg>
<arg>${PASS}</arg>
<doc>Types the given password into the text field identified by ``locator``.</doc>
<status status="PASS" start="2025-05-29T12:11:29.184539" elapsed="0.041220"/>
</kw>
<kw name="Click Button" owner="SeleniumLibrary">
<msg time="2025-05-29T12:11:29.226264" level="INFO">Clicking button '//button[@type='submit']'.</msg>
<arg>//button[@type='submit']</arg>
<doc>Clicks the button identified by ``locator``.</doc>
<status status="PASS" start="2025-05-29T12:11:29.225981" elapsed="0.057953"/>
</kw>
<kw name="Sleep" owner="BuiltIn">
<msg time="2025-05-29T12:11:31.285025" level="INFO">Slept 2 seconds.</msg>
<arg>2s</arg>
<doc>Pauses the test executed for the given time.</doc>
<status status="PASS" start="2025-05-29T12:11:29.284140" elapsed="2.001300"/>
</kw>
<status status="PASS" start="2025-05-29T12:11:24.834886" elapsed="6.450771"/>
</kw>
<kw name="Acessar modulo AgroReport" owner="resource">
<kw name="Wait Until Element Is Visible" owner="SeleniumLibrary">
<arg>css=.ant-drawer-content-wrapper</arg>
<arg>timeout=20s</arg>
<doc>Waits until the element ``locator`` is visible.</doc>
<status status="PASS" start="2025-05-29T12:11:31.286726" elapsed="0.020439"/>
</kw>
<kw name="Click Element" owner="SeleniumLibrary">
<msg time="2025-05-29T12:11:31.307682" level="INFO">Clicking element 'xpath=//*[contains(text(), 'Agro Report')]'.</msg>
<arg>xpath=//*[contains(text(), 'Agro Report')]</arg>
<doc>Click the element identified by ``locator``.</doc>
<status status="PASS" start="2025-05-29T12:11:31.307442" elapsed="2.298398"/>
</kw>
<kw name="Sleep" owner="BuiltIn">
<msg time="2025-05-29T12:11:36.608069" level="INFO">Slept 3 seconds.</msg>
<arg>3s</arg>
<doc>Pauses the test executed for the given time.</doc>
<status status="PASS" start="2025-05-29T12:11:33.606064" elapsed="3.003413"/>
</kw>
<kw name="Execute Javascript" owner="SeleniumLibrary">
<msg time="2025-05-29T12:11:36.611469" level="INFO">Executing JavaScript:
var iframe=document.getElementById('launcher');if(iframe) iframe.remove();
Without any arguments.</msg>
<arg>var iframe=document.getElementById('launcher');if(iframe) iframe.remove();</arg>
<doc>Executes the given JavaScript code with possible arguments.</doc>
<status status="PASS" start="2025-05-29T12:11:36.610440" elapsed="0.014705"/>
</kw>
<kw name="Execute Javascript" owner="SeleniumLibrary">
<msg time="2025-05-29T12:11:36.626577" level="INFO">Executing JavaScript:
var iframe=document.querySelector('iframe[title="Fechar mensagem"]');if(iframe) iframe.remove();
Without any arguments.</msg>
<arg>var iframe=document.querySelector('iframe[title="Fechar mensagem"]');if(iframe) iframe.remove();</arg>
<doc>Executes the given JavaScript code with possible arguments.</doc>
<status status="PASS" start="2025-05-29T12:11:36.625824" elapsed="0.011136"/>
</kw>
<kw name="Execute Javascript" owner="SeleniumLibrary">
<msg time="2025-05-29T12:11:36.638170" level="INFO">Executing JavaScript:
Array.from(document.querySelectorAll('div[style*="z-index: 999999"]')).forEach(function(el){el.remove();});
Without any arguments.</msg>
<arg>Array.from(document.querySelectorAll('div[style*="z-index: 999999"]')).forEach(function(el){el.remove();});</arg>
<doc>Executes the given JavaScript code with possible arguments.</doc>
<status status="PASS" start="2025-05-29T12:11:36.637392" elapsed="0.007096"/>
</kw>
<status status="PASS" start="2025-05-29T12:11:31.286228" elapsed="5.358466"/>
</kw>
<kw name="Selecionar card" owner="resource">
<kw name="Wait Until Element Is Visible" owner="SeleniumLibrary">
<arg>xpath=//*[normalize-space(text())='${relatorio}']</arg>
<arg>timeout=20s</arg>
<doc>Waits until the element ``locator`` is visible.</doc>
<status status="PASS" start="2025-05-29T12:11:36.645537" elapsed="0.022005"/>
</kw>
<kw name="Click Element" owner="SeleniumLibrary">
<msg time="2025-05-29T12:11:36.668027" level="INFO">Clicking element 'xpath=//h1[normalize-space(text())='Conformidade Socioambiental | EUDR']/ancestor::div[@data-testid='pb-t-report-card']//button[@data-testid='button-request-report']'.</msg>
<arg>xpath=//h1[normalize-space(text())='${relatorio}']/ancestor::div[@data-testid='pb-t-report-card']//button[@data-testid='button-request-report']</arg>
<doc>Click the element identified by ``locator``.</doc>
<status status="PASS" start="2025-05-29T12:11:36.667768" elapsed="0.075623"/>
</kw>
<kw name="Wait Until Element Is Visible" owner="SeleniumLibrary">
<arg>css=.ant-drawer-header-title</arg>
<arg>timeout=10s</arg>
<doc>Waits until the element ``locator`` is visible.</doc>
<status status="PASS" start="2025-05-29T12:11:36.743668" elapsed="0.232634"/>
</kw>
<kw name="Wait Until Element Contains" owner="SeleniumLibrary">
<arg>css=.ant-drawer-header-title</arg>
<arg>${relatorio}</arg>
<arg>timeout=10s</arg>
<doc>Waits until the element ``locator`` contains ``text``.</doc>
<status status="PASS" start="2025-05-29T12:11:36.976803" elapsed="0.018077"/>
</kw>
<kw name="Element Text Should Be" owner="SeleniumLibrary">
<msg time="2025-05-29T12:11:36.995404" level="INFO">Verifying element 'css=.ant-drawer-header-title' contains exact text 'Conformidade Socioambiental | EUDR'.</msg>
<arg>css=.ant-drawer-header-title</arg>
<arg>${relatorio}</arg>
<doc>Verifies that element ``locator`` contains exact the text ``expected``.</doc>
<status status="PASS" start="2025-05-29T12:11:36.995136" elapsed="0.011788"/>
</kw>
<kw name="Wait Until Element Is Visible" owner="SeleniumLibrary">
<arg>css=.ant-drawer-content-wrapper</arg>
<doc>Waits until the element ``locator`` is visible.</doc>
<status status="PASS" start="2025-05-29T12:11:37.007138" elapsed="0.009382"/>
</kw>
<kw name="Click Element" owner="SeleniumLibrary">
<msg time="2025-05-29T12:11:37.016935" level="INFO">Clicking element 'css=.sc-ikkxIA.ijzQGg'.</msg>
<arg>css=.sc-ikkxIA.ijzQGg</arg>
<doc>Click the element identified by ``locator``.</doc>
<status status="PASS" start="2025-05-29T12:11:37.016740" elapsed="0.040919"/>
</kw>
<kw name="Sleep" owner="BuiltIn">
<msg time="2025-05-29T12:11:38.059125" level="INFO">Slept 1 second.</msg>
<arg>1s</arg>
<doc>Pauses the test executed for the given time.</doc>
<status status="PASS" start="2025-05-29T12:11:37.057863" elapsed="1.001589"/>
</kw>
<arg>Conformidade Socioambiental | EUDR</arg>
<status status="PASS" start="2025-05-29T12:11:36.645061" elapsed="1.414551"/>
</kw>
<kw name="Selecionar Proprietário" owner="resource">
<kw name="Input Text" owner="SeleniumLibrary">
<msg time="2025-05-29T12:11:38.060664" level="INFO">Typing text '126' into text field 'css=#rc_select_16'.</msg>
<arg>css=#rc_select_16</arg>
<arg>${proprietario}</arg>
<doc>Types the given ``text`` into the text field identified by ``locator``.</doc>
<status status="PASS" start="2025-05-29T12:11:38.060401" elapsed="0.044950"/>
</kw>
<kw name="Wait Until Element Is Visible" owner="SeleniumLibrary">
<arg>xpath=//div[contains(@class, 'ant-select-item-option') and not(contains(@class, 'ant-select-item-option-disabled'))]</arg>
<arg>timeout=20s</arg>
<doc>Waits until the element ``locator`` is visible.</doc>
<status status="PASS" start="2025-05-29T12:11:38.105575" elapsed="1.285795"/>
</kw>
<kw name="Wait Until Element Is Enabled" owner="SeleniumLibrary">
<arg>xpath=//div[contains(@class, 'ant-select-item-option') and not(contains(@class, 'ant-select-item-option-disabled'))]</arg>
<arg>timeout=10s</arg>
<doc>Waits until the element ``locator`` is enabled.</doc>
<status status="PASS" start="2025-05-29T12:11:39.391684" elapsed="0.015310"/>
</kw>
<kw name="Get WebElement" owner="SeleniumLibrary">
<msg time="2025-05-29T12:11:39.411798" level="INFO">${dropdown} = &lt;selenium.webdriver.remote.webelement.WebElement (session="6f85b886113c67703f29bb411715ea64", element="f.D43E88B84EEB9E28EAB2CA13901C153B.d.ABFB0157D9A81EC386052B1AB3E8F943.e.142")&gt;</msg>
<var>${dropdown}</var>
<arg>css:#rc_select_16</arg>
<doc>Returns the first WebElement matching the given ``locator``.</doc>
<status status="PASS" start="2025-05-29T12:11:39.407231" elapsed="0.004700"/>
</kw>
<kw name="Press Key" owner="SeleniumLibrary">
<arg>${dropdown}</arg>
<arg>\\40</arg>
<doc>Simulates user pressing key on element identified by ``locator``.</doc>
<status status="PASS" start="2025-05-29T12:11:39.412074" elapsed="0.015696"/>
</kw>
<kw name="Sleep" owner="BuiltIn">
<msg time="2025-05-29T12:11:40.429038" level="INFO">Slept 1 second.</msg>
<arg>1s</arg>
<doc>Pauses the test executed for the given time.</doc>
<status status="PASS" start="2025-05-29T12:11:39.428004" elapsed="1.002722"/>
</kw>
<kw name="Press Key" owner="SeleniumLibrary">
<arg>${dropdown}</arg>
<arg>\\13</arg>
<doc>Simulates user pressing key on element identified by ``locator``.</doc>
<status status="PASS" start="2025-05-29T12:11:40.432865" elapsed="0.037110"/>
</kw>
<kw name="Sleep" owner="BuiltIn">
<msg time="2025-05-29T12:11:41.470847" level="INFO">Slept 1 second.</msg>
<arg>1s</arg>
<doc>Pauses the test executed for the given time.</doc>
<status status="PASS" start="2025-05-29T12:11:40.470281" elapsed="1.000768"/>
</kw>
<arg>126</arg>
<status status="PASS" start="2025-05-29T12:11:38.060014" elapsed="3.411138"/>
</kw>
<kw name="Selecionar Propriedade" owner="resource">
<kw name="Wait Until Element Is Visible" owner="SeleniumLibrary">
<arg>css=.sc-ikkxIA.ijzQGg.sc-kpKSZj.fUxKKk</arg>
<arg>timeout=10s</arg>
<doc>Waits until the element ``locator`` is visible.</doc>
<status status="PASS" start="2025-05-29T12:11:41.471582" elapsed="0.009916"/>
</kw>
<kw name="Click Element" owner="SeleniumLibrary">
<msg time="2025-05-29T12:11:41.481874" level="INFO">Clicking element 'css=.sc-ikkxIA.ijzQGg.sc-kpKSZj.fUxKKk'.</msg>
<arg>css=.sc-ikkxIA.ijzQGg.sc-kpKSZj.fUxKKk</arg>
<doc>Click the element identified by ``locator``.</doc>
<status status="PASS" start="2025-05-29T12:11:41.481693" elapsed="0.037690"/>
</kw>
<kw name="Get WebElement" owner="SeleniumLibrary">
<msg time="2025-05-29T12:11:41.531197" level="INFO">${dropdown} = &lt;selenium.webdriver.remote.webelement.WebElement (session="6f85b886113c67703f29bb411715ea64", element="f.D43E88B84EEB9E28EAB2CA13901C153B.d.ABFB0157D9A81EC386052B1AB3E8F943.e.143")&gt;</msg>
<var>${dropdown}</var>
<arg>css=#rc_select_17</arg>
<doc>Returns the first WebElement matching the given ``locator``.</doc>
<status status="PASS" start="2025-05-29T12:11:41.519621" elapsed="0.011718"/>
</kw>
<kw name="Press Key" owner="SeleniumLibrary">
<arg>${dropdown}</arg>
<arg>\\40</arg>
<doc>Simulates user pressing key on element identified by ``locator``.</doc>
<status status="PASS" start="2025-05-29T12:11:41.531494" elapsed="0.016634"/>
</kw>
<kw name="Sleep" owner="BuiltIn">
<msg time="2025-05-29T12:11:42.550946" level="INFO">Slept 1 second.</msg>
<arg>1s</arg>
<doc>Pauses the test executed for the given time.</doc>
<status status="PASS" start="2025-05-29T12:11:41.548326" elapsed="1.004256"/>
</kw>
<kw name="Press Key" owner="SeleniumLibrary">
<arg>${dropdown}</arg>
<arg>\\13</arg>
<doc>Simulates user pressing key on element identified by ``locator``.</doc>
<status status="PASS" start="2025-05-29T12:11:42.553999" elapsed="0.037169"/>
</kw>
<status status="PASS" start="2025-05-29T12:11:41.471357" elapsed="1.120006"/>
</kw>
<kw name="Selecionar Commodity EUDR" owner="resource">
<kw name="Click Element" owner="SeleniumLibrary">
<msg time="2025-05-29T12:11:42.593213" level="INFO">Clicking element 'xpath=//div[@data-testid='select-commodity']//div[contains(@class, 'ant-select-selector')]'.</msg>
<arg>xpath=//div[@data-testid='select-commodity']//div[contains(@class, 'ant-select-selector')]</arg>
<doc>Click the element identified by ``locator``.</doc>
<status status="PASS" start="2025-05-29T12:11:42.592873" elapsed="0.044165"/>
</kw>
<kw name="Wait Until Element Is Visible" owner="SeleniumLibrary">
<arg>xpath=//div[contains(@class, 'ant-select-item-option-content') and normalize-space(text())='${commodity}']</arg>
<arg>timeout=5s</arg>
<doc>Waits until the element ``locator`` is visible.</doc>
<status status="PASS" start="2025-05-29T12:11:42.637239" elapsed="0.233297"/>
</kw>
<kw name="Click Element" owner="SeleniumLibrary">
<msg time="2025-05-29T12:11:42.871076" level="INFO">Clicking element 'xpath=//div[contains(@class, 'ant-select-item-option-content') and normalize-space(text())='Café']'.</msg>
<arg>xpath=//div[contains(@class, 'ant-select-item-option-content') and normalize-space(text())='${commodity}']</arg>
<doc>Click the element identified by ``locator``.</doc>
<status status="PASS" start="2025-05-29T12:11:42.870795" elapsed="0.046088"/>
</kw>
<arg>Café</arg>
<status status="PASS" start="2025-05-29T12:11:42.591866" elapsed="0.325178"/>
</kw>
<kw name="Selecionar Idioma EUDR" owner="resource">
<kw name="Click Element" owner="SeleniumLibrary">
<msg time="2025-05-29T12:11:42.917649" level="INFO">Clicking element 'xpath=//div[@data-testid='select-languange']//div[contains(@class, 'ant-select-selector')]'.</msg>
<arg>xpath=//div[@data-testid='select-languange']//div[contains(@class, 'ant-select-selector')]</arg>
<doc>Click the element identified by ``locator``.</doc>
<status status="PASS" start="2025-05-29T12:11:42.917496" elapsed="0.045788"/>
</kw>
<kw name="Wait Until Element Is Visible" owner="SeleniumLibrary">
<arg>xpath=//div[contains(@class, 'ant-select-item-option-content') and normalize-space(text())='${idioma}']</arg>
<arg>timeout=5s</arg>
<doc>Waits until the element ``locator`` is visible.</doc>
<status status="PASS" start="2025-05-29T12:11:42.963498" elapsed="0.234600"/>
</kw>
<kw name="Click Element" owner="SeleniumLibrary">
<msg time="2025-05-29T12:11:43.198644" level="INFO">Clicking element 'xpath=//div[contains(@class, 'ant-select-item-option-content') and normalize-space(text())='Inglês']'.</msg>
<arg>xpath=//div[contains(@class, 'ant-select-item-option-content') and normalize-space(text())='${idioma}']</arg>
<doc>Click the element identified by ``locator``.</doc>
<status status="PASS" start="2025-05-29T12:11:43.198382" elapsed="0.040525"/>
</kw>
<arg>Inglês</arg>
<status status="PASS" start="2025-05-29T12:11:42.917242" elapsed="0.321820"/>
</kw>
<kw name="Clicar no botão Solicitar Relatório" owner="resource">
<kw name="Wait Until Element Is Visible" owner="SeleniumLibrary">
<arg>xpath=(//button[@data-testid="button-request-report" and not(@disabled) and not(ancestor::div[contains(@style,"display: none")])])[last()]</arg>
<arg>timeout=10s</arg>
<doc>Waits until the element ``locator`` is visible.</doc>
<status status="PASS" start="2025-05-29T12:11:43.239599" elapsed="0.010347"/>
</kw>
<kw name="Click Element" owner="SeleniumLibrary">
<msg time="2025-05-29T12:11:43.250313" level="INFO">Clicking element 'xpath=(//button[@data-testid="button-request-report" and not(@disabled) and not(ancestor::div[contains(@style,"display: none")])])[last()]'.</msg>
<arg>xpath=(//button[@data-testid="button-request-report" and not(@disabled) and not(ancestor::div[contains(@style,"display: none")])])[last()]</arg>
<doc>Click the element identified by ``locator``.</doc>
<status status="PASS" start="2025-05-29T12:11:43.250142" elapsed="0.044209"/>
</kw>
<kw name="Sleep" owner="BuiltIn">
<msg time="2025-05-29T12:11:44.295642" level="INFO">Slept 1 second.</msg>
<arg>1s</arg>
<doc>Pauses the test executed for the given time.</doc>
<status status="PASS" start="2025-05-29T12:11:43.294579" elapsed="1.001649"/>
</kw>
<status status="PASS" start="2025-05-29T12:11:43.239359" elapsed="1.057198"/>
</kw>
<kw name="Mensagem do front" owner="resource">
<kw name="Wait Until Element Is Visible" owner="SeleniumLibrary">
<arg>css=div.ant-notification-notice-message</arg>
<arg>timeout=10s</arg>
<doc>Waits until the element ``locator`` is visible.</doc>
<status status="PASS" start="2025-05-29T12:11:44.298319" elapsed="0.021718"/>
</kw>
<kw name="Element Should Contain" owner="SeleniumLibrary">
<msg time="2025-05-29T12:11:44.333836" level="INFO">Element 'css=div.ant-notification-notice-message' contains text 'Relatório solicitado com sucesso'.</msg>
<arg>css=div.ant-notification-notice-message</arg>
<arg>${mensagem}</arg>
<doc>Verifies that element ``locator`` contains text ``expected``.</doc>
<status status="PASS" start="2025-05-29T12:11:44.320494" elapsed="0.013551"/>
</kw>
<kw name="Sleep" owner="BuiltIn">
<msg time="2025-05-29T12:11:47.335741" level="INFO">Slept 3 seconds.</msg>
<arg>3s</arg>
<doc>Pauses the test executed for the given time.</doc>
<status status="PASS" start="2025-05-29T12:11:44.334243" elapsed="3.003236"/>
</kw>
<arg>Relatório solicitado com sucesso</arg>
<status status="PASS" start="2025-05-29T12:11:44.297447" elapsed="3.040943"/>
</kw>
<kw name="Fechar Browser" owner="resource">
<kw name="Sleep" owner="BuiltIn">
<msg time="2025-05-29T12:11:49.344101" level="INFO">Slept 2 seconds.</msg>
<arg>2s</arg>
<doc>Pauses the test executed for the given time.</doc>
<status status="PASS" start="2025-05-29T12:11:47.341364" elapsed="2.004362"/>
</kw>
<kw name="Close Browser" owner="SeleniumLibrary">
<doc>Closes the current browser.</doc>
<status status="PASS" start="2025-05-29T12:11:49.347050" elapsed="0.215251"/>
</kw>
[...]
</kw>
<status status="PASS" start="2025-05-29T12:16:11.552262" elapsed="1.083596"/>
</kw>
<kw name="Sleep" owner="BuiltIn">
<msg time="2025-05-29T12:16:15.640957" level="INFO">Slept 3 seconds.</msg>
<arg>3s</arg>
<doc>Pauses the test executed for the given time.</doc>
<status status="PASS" start="2025-05-29T12:16:12.636599" elapsed="3.006045"/>
</kw>
<kw name="Mensagem do front" owner="resource">
<kw name="Wait Until Element Is Visible" owner="SeleniumLibrary">
<arg>css=div.ant-notification-notice-message</arg>
<arg>timeout=10s</arg>
<doc>Waits until the element ``locator`` is visible.</doc>
<status status="PASS" start="2025-05-29T12:16:15.645082" elapsed="0.022008"/>
</kw>
<kw name="Element Should Contain" owner="SeleniumLibrary">
<msg time="2025-05-29T12:16:15.680830" level="INFO">Element 'css=div.ant-notification-notice-message' contains text 'Relatório solicitado com sucesso'.</msg>
<arg>css=div.ant-notification-notice-message</arg>
<arg>${mensagem}</arg>
<doc>Verifies that element ``locator`` contains text ``expected``.</doc>
<status status="PASS" start="2025-05-29T12:16:15.667433" elapsed="0.013617"/>
</kw>
<kw name="Sleep" owner="BuiltIn">
<msg time="2025-05-29T12:16:18.691156" level="INFO">Slept 3 seconds.</msg>
<arg>3s</arg>
<doc>Pauses the test executed for the given time.</doc>
<status status="PASS" start="2025-05-29T12:16:15.681261" elapsed="3.010115"/>
</kw>
<arg>Relatório solicitado com sucesso</arg>
<status status="PASS" start="2025-05-29T12:16:15.644113" elapsed="3.047390"/>
</kw>
<kw name="Fechar Browser" owner="resource">
<kw name="Sleep" owner="BuiltIn">
<msg time="2025-05-29T12:16:20.694790" level="INFO">Slept 2 seconds.</msg>
<arg>2s</arg>
<doc>Pauses the test executed for the given time.</doc>
<status status="PASS" start="2025-05-29T12:16:18.692001" elapsed="2.004787"/>
</kw>
<kw name="Close Browser" owner="SeleniumLibrary">
<doc>Closes the current browser.</doc>
<status status="PASS" start="2025-05-29T12:16:20.697944" elapsed="0.243062"/>
</kw>
<status status="PASS" start="2025-05-29T12:16:18.691735" elapsed="2.249433"/>
</kw>
<status status="PASS" start="2025-05-29T12:15:43.276988" elapsed="37.664486"/>
</test>
<test id="s1-t15" name="Solicitar Relatório Valoração de Imóveis Rurais" line="194">
<kw name="Login no Farm" owner="resource">
<kw name="Abrir Browser" owner="resource">
<kw name="Open Browser" owner="SeleniumLibrary">
<msg time="2025-05-29T12:16:20.942884" level="INFO">Opening browser 'Chrome' to base url 'https://dev-farmcheck.brainag.app/login'.</msg>
<arg>${url}</arg>
<arg>${browser}</arg>
<doc>Opens a new browser instance to the optional ``url``.</doc>
<status status="PASS" start="2025-05-29T12:16:20.942726" elapsed="4.089443"/>
</kw>
<kw name="Maximize Browser Window" owner="SeleniumLibrary">
<doc>Maximizes current browser window.</doc>
<status status="PASS" start="2025-05-29T12:16:25.032708" elapsed="0.357574"/>
</kw>
<arg>${URL}</arg>
<arg>${BROWSER}</arg>
<status status="PASS" start="2025-05-29T12:16:20.942497" elapsed="4.447971"/>
</kw>
<kw name="Titulo deve ser" owner="resource">
<kw name="Title Should Be" owner="SeleniumLibrary">
<msg time="2025-05-29T12:16:25.394735" level="INFO">Page title is 'Brain - Área Restrita'.</msg>
<arg>${title}</arg>
<doc>Verifies that the current page title equals ``title``.</doc>
<status status="PASS" start="2025-05-29T12:16:25.391103" elapsed="0.003867"/>
</kw>
<arg>${TITLE}</arg>
<status status="PASS" start="2025-05-29T12:16:25.390660" elapsed="0.004417"/>
</kw>
<kw name="Click Element" owner="SeleniumLibrary">
<msg time="2025-05-29T12:16:25.395419" level="INFO">Clicking element 'id:auth_username'.</msg>
<arg>id:auth_username</arg>
<doc>Click the element identified by ``locator``.</doc>
<status status="PASS" start="2025-05-29T12:16:25.395225" elapsed="0.040824"/>
</kw>
<kw name="Input Text" owner="SeleniumLibrary">
<msg time="2025-05-29T12:16:25.436586" level="INFO">Typing text 'michel.viana@br.experian.com' into text field 'id:auth_username'.</msg>
<arg>id:auth_username</arg>
<arg>${USER}</arg>
<doc>Types the given ``text`` into the text field identified by ``locator``.</doc>
<status status="PASS" start="2025-05-29T12:16:25.436333" elapsed="0.158612"/>
</kw>
<kw name="Click Element" owner="SeleniumLibrary">
<msg time="2025-05-29T12:16:25.597344" level="INFO">Clicking element 'id:auth_password'.</msg>
<arg>id:auth_password</arg>
<doc>Click the element identified by ``locator``.</doc>
<status status="PASS" start="2025-05-29T12:16:25.596130" elapsed="0.045500"/>
</kw>
<kw name="Input Password" owner="SeleniumLibrary">
<msg time="2025-05-29T12:16:25.642092" level="INFO">Typing password into text field 'id:auth_password'.</msg>
<msg time="2025-05-29T12:16:25.659906" level="INFO">Temporally setting log level to: NONE</msg>
<arg>id:auth_password</arg>
<arg>${PASS}</arg>
<doc>Types the given password into the text field identified by ``locator``.</doc>
<status status="PASS" start="2025-05-29T12:16:25.641863" elapsed="0.040061"/>
</kw>
<kw name="Click Button" owner="SeleniumLibrary">
<msg time="2025-05-29T12:16:25.682308" level="INFO">Clicking button '//button[@type='submit']'.</msg>
<arg>//button[@type='submit']</arg>
<doc>Clicks the button identified by ``locator``.</doc>
<status status="PASS" start="2025-05-29T12:16:25.682132" elapsed="0.061490"/>
</kw>
<kw name="Sleep" owner="BuiltIn">
<msg time="2025-05-29T12:16:27.749883" level="INFO">Slept 2 seconds.</msg>
<arg>2s</arg>
<doc>Pauses the test executed for the given time.</doc>
<status status="PASS" start="2025-05-29T12:16:25.743834" elapsed="2.006498"/>
</kw>
<status status="PASS" start="2025-05-29T12:16:20.942286" elapsed="6.808417"/>
</kw>
<kw name="Acessar modulo AgroReport" owner="resource">
<kw name="Wait Until Element Is Visible" owner="SeleniumLibrary">
<arg>css=.ant-drawer-content-wrapper</arg>
<arg>timeout=20s</arg>
<doc>Waits until the element ``locator`` is visible.</doc>
<status status="PASS" start="2025-05-29T12:16:27.751630" elapsed="0.025890"/>
</kw>
<kw name="Click Element" owner="SeleniumLibrary">
<msg time="2025-05-29T12:16:27.778488" level="INFO">Clicking element 'xpath=//*[contains(text(), 'Agro Report')]'.</msg>
<arg>xpath=//*[contains(text(), 'Agro Report')]</arg>
<doc>Click the element identified by ``locator``.</doc>
<status status="PASS" start="2025-05-29T12:16:27.777880" elapsed="1.886697"/>
</kw>
<kw name="Sleep" owner="BuiltIn">
<msg time="2025-05-29T12:16:32.668701" level="INFO">Slept 3 seconds.</msg>
<arg>3s</arg>
<doc>Pauses the test executed for the given time.</doc>
<status status="PASS" start="2025-05-29T12:16:29.664789" elapsed="3.004566"/>
</kw>
<kw name="Execute Javascript" owner="SeleniumLibrary">
<msg time="2025-05-29T12:16:32.670742" level="INFO">Executing JavaScript:
var iframe=document.getElementById('launcher');if(iframe) iframe.remove();
Without any arguments.</msg>
<arg>var iframe=document.getElementById('launcher');if(iframe) iframe.remove();</arg>
<doc>Executes the given JavaScript code with possible arguments.</doc>
<status status="PASS" start="2025-05-29T12:16:32.669839" elapsed="0.014978"/>
</kw>
<kw name="Execute Javascript" owner="SeleniumLibrary">
<msg time="2025-05-29T12:16:32.686337" level="INFO">Executing JavaScript:
var iframe=document.querySelector('iframe[title="Fechar mensagem"]');if(iframe) iframe.remove();
Without any arguments.</msg>
<arg>var iframe=document.querySelector('iframe[title="Fechar mensagem"]');if(iframe) iframe.remove();</arg>
<doc>Executes the given JavaScript code with possible arguments.</doc>
<status status="PASS" start="2025-05-29T12:16:32.685335" elapsed="0.010384"/>
</kw>
<kw name="Execute Javascript" owner="SeleniumLibrary">
<msg time="2025-05-29T12:16:32.696509" level="INFO">Executing JavaScript:
Array.from(document.querySelectorAll('div[style*="z-index: 999999"]')).forEach(function(el){el.remove();});
Without any arguments.</msg>
<arg>Array.from(document.querySelectorAll('div[style*="z-index: 999999"]')).forEach(function(el){el.remove();});</arg>
<doc>Executes the given JavaScript code with possible arguments.</doc>
<status status="PASS" start="2025-05-29T12:16:32.695987" elapsed="0.006726"/>
</kw>
<status status="PASS" start="2025-05-29T12:16:27.751193" elapsed="4.951730"/>
</kw>
<kw name="Selecionar card" owner="resource">
<kw name="Wait Until Element Is Visible" owner="SeleniumLibrary">
<arg>xpath=//*[normalize-space(text())='${relatorio}']</arg>
<arg>timeout=20s</arg>
<doc>Waits until the element ``locator`` is visible.</doc>
<status status="PASS" start="2025-05-29T12:16:32.703807" elapsed="0.022164"/>
</kw>
<kw name="Click Element" owner="SeleniumLibrary">
<msg time="2025-05-29T12:16:32.726468" level="INFO">Clicking element 'xpath=//h1[normalize-space(text())='Valoração de Imóveis Rurais']/ancestor::div[@data-testid='pb-t-report-card']//button[@data-testid='button-request-report']'.</msg>
<arg>xpath=//h1[normalize-space(text())='${relatorio}']/ancestor::div[@data-testid='pb-t-report-card']//button[@data-testid='button-request-report']</arg>
<doc>Click the element identified by ``locator``.</doc>
<status status="PASS" start="2025-05-29T12:16:32.726216" elapsed="0.077888"/>
</kw>
<kw name="Wait Until Element Is Visible" owner="SeleniumLibrary">
<arg>css=.ant-drawer-header-title</arg>
<arg>timeout=10s</arg>
<doc>Waits until the element ``locator`` is visible.</doc>
<status status="PASS" start="2025-05-29T12:16:32.804663" elapsed="0.227337"/>
</kw>
<kw name="Wait Until Element Contains" owner="SeleniumLibrary">
<arg>css=.ant-drawer-header-title</arg>
<arg>${relatorio}</arg>
<arg>timeout=10s</arg>
<doc>Waits until the element ``locator`` contains ``text``.</doc>
<status status="PASS" start="2025-05-29T12:16:33.032230" elapsed="0.013773"/>
</kw>
<kw name="Element Text Should Be" owner="SeleniumLibrary">
<msg time="2025-05-29T12:16:33.046643" level="INFO">Verifying element 'css=.ant-drawer-header-title' contains exact text 'Valoração de Imóveis Rurais'.</msg>
<arg>css=.ant-drawer-header-title</arg>
<arg>${relatorio}</arg>
<doc>Verifies that element ``locator`` contains exact the text ``expected``.</doc>
<status status="PASS" start="2025-05-29T12:16:33.046296" elapsed="0.009602"/>
</kw>
<kw name="Wait Until Element Is Visible" owner="SeleniumLibrary">
<arg>css=.ant-drawer-content-wrapper</arg>
<doc>Waits until the element ``locator`` is visible.</doc>
<status status="PASS" start="2025-05-29T12:16:33.056126" elapsed="0.009782"/>
</kw>
<kw name="Click Element" owner="SeleniumLibrary">
<msg time="2025-05-29T12:16:33.066284" level="INFO">Clicking element 'css=.sc-ikkxIA.ijzQGg'.</msg>
<arg>css=.sc-ikkxIA.ijzQGg</arg>
<doc>Click the element identified by ``locator``.</doc>
<status status="PASS" start="2025-05-29T12:16:33.066107" elapsed="0.042964"/>
</kw>
<kw name="Sleep" owner="BuiltIn">
<msg time="2025-05-29T12:16:34.111901" level="INFO">Slept 1 second.</msg>
<arg>1s</arg>
<doc>Pauses the test executed for the given time.</doc>
<status status="PASS" start="2025-05-29T12:16:33.109292" elapsed="1.002887"/>
</kw>
<arg>Valoração de Imóveis Rurais</arg>
<status status="PASS" start="2025-05-29T12:16:32.703304" elapsed="1.409033"/>
</kw>
<kw name="Selecionar Proprietário" owner="resource">
<kw name="Input Text" owner="SeleniumLibrary">
<msg time="2025-05-29T12:16:34.113438" level="INFO">Typing text '126' into text field 'css=#rc_select_16'.</msg>
<arg>css=#rc_select_16</arg>
<arg>${proprietario}</arg>
<doc>Types the given ``text`` into the text field identified by ``locator``.</doc>
<status status="PASS" start="2025-05-29T12:16:34.113161" elapsed="0.042830"/>
</kw>
<kw name="Wait Until Element Is Visible" owner="SeleniumLibrary">
<arg>xpath=//div[contains(@class, 'ant-select-item-option') and not(contains(@class, 'ant-select-item-option-disabled'))]</arg>
<arg>timeout=20s</arg>
<doc>Waits until the element ``locator`` is visible.</doc>
<status status="PASS" start="2025-05-29T12:16:34.156235" elapsed="1.309854"/>
</kw>
<kw name="Wait Until Element Is Enabled" owner="SeleniumLibrary">
<arg>xpath=//div[contains(@class, 'ant-select-item-option') and not(contains(@class, 'ant-select-item-option-disabled'))]</arg>
<arg>timeout=10s</arg>
<doc>Waits until the element ``locator`` is enabled.</doc>
<status status="PASS" start="2025-05-29T12:16:35.466295" elapsed="0.012394"/>
</kw>
<kw name="Get WebElement" owner="SeleniumLibrary">
<msg time="2025-05-29T12:16:35.482942" level="INFO">${dropdown} = &lt;selenium.webdriver.remote.webelement.WebElement (session="1c3c346f68071d549235ed4b7995ba34", element="f.9AC3896612A8327C1CCD18A40A5B2842.d.DDA5167087560DD4837FB56E6CAD2996.e.131")&gt;</msg>
<var>${dropdown}</var>
<arg>css:#rc_select_16</arg>
<doc>Returns the first WebElement matching the given ``locator``.</doc>
<status status="PASS" start="2025-05-29T12:16:35.478889" elapsed="0.004163"/>
</kw>
<kw name="Press Key" owner="SeleniumLibrary">
<arg>${dropdown}</arg>
<arg>\\40</arg>
<doc>Simulates user pressing key on element identified by ``locator``.</doc>
<status status="PASS" start="2025-05-29T12:16:35.483177" elapsed="0.014995"/>
</kw>
<kw name="Sleep" owner="BuiltIn">
<msg time="2025-05-29T12:16:36.498755" level="INFO">Slept 1 second.</msg>
<arg>1s</arg>
<doc>Pauses the test executed for the given time.</doc>
<status status="PASS" start="2025-05-29T12:16:35.498392" elapsed="1.000958"/>
</kw>
<kw name="Press Key" owner="SeleniumLibrary">
<arg>${dropdown}</arg>
<arg>\\13</arg>
<doc>Simulates user pressing key on element identified by ``locator``.</doc>
<status status="PASS" start="2025-05-29T12:16:36.499871" elapsed="0.041763"/>
</kw>
<kw name="Sleep" owner="BuiltIn">
<msg time="2025-05-29T12:16:37.543801" level="INFO">Slept 1 second.</msg>
<arg>1s</arg>
<doc>Pauses the test executed for the given time.</doc>
<status status="PASS" start="2025-05-29T12:16:36.542154" elapsed="1.002234"/>
</kw>
<arg>126</arg>
<status status="PASS" start="2025-05-29T12:16:34.112755" elapsed="3.432195"/>
</kw>
<kw name="Selecionar Propriedade" owner="resource">
<kw name="Wait Until Element Is Visible" owner="SeleniumLibrary">
<arg>css=.sc-ikkxIA.ijzQGg.sc-kpKSZj.fUxKKk</arg>
<arg>timeout=10s</arg>
<doc>Waits until the element ``locator`` is visible.</doc>
<status status="PASS" start="2025-05-29T12:16:37.546434" elapsed="0.022438"/>
</kw>
<kw name="Click Element" owner="SeleniumLibrary">
<msg time="2025-05-29T12:16:37.569832" level="INFO">Clicking element 'css=.sc-ikkxIA.ijzQGg.sc-kpKSZj.fUxKKk'.</msg>
<arg>css=.sc-ikkxIA.ijzQGg.sc-kpKSZj.fUxKKk</arg>
<doc>Click the element identified by ``locator``.</doc>
<status status="PASS" start="2025-05-29T12:16:37.569388" elapsed="0.049666"/>
</kw>
<kw name="Get WebElement" owner="SeleniumLibrary">
<msg time="2025-05-29T12:16:37.629098" level="INFO">${dropdown} = &lt;selenium.webdriver.remote.webelement.WebElement (session="1c3c346f68071d549235ed4b7995ba34", element="f.9AC3896612A8327C1CCD18A40A5B2842.d.DDA5167087560DD4837FB56E6CAD2996.e.132")&gt;</msg>
<var>${dropdown}</var>
<arg>css=#rc_select_17</arg>
<doc>Returns the first WebElement matching the given ``locator``.</doc>
<status status="PASS" start="2025-05-29T12:16:37.619273" elapsed="0.009966"/>
</kw>
<kw name="Press Key" owner="SeleniumLibrary">
<arg>${dropdown}</arg>
<arg>\\40</arg>
<doc>Simulates user pressing key on element identified by ``locator``.</doc>
<status status="PASS" start="2025-05-29T12:16:37.629397" elapsed="0.014725"/>
</kw>
<kw name="Sleep" owner="BuiltIn">
<msg time="2025-05-29T12:16:38.645059" level="INFO">Slept 1 second.</msg>
<arg>1s</arg>
<doc>Pauses the test executed for the given time.</doc>
<status status="PASS" start="2025-05-29T12:16:37.644321" elapsed="1.002829"/>
</kw>
<kw name="Press Key" owner="SeleniumLibrary">
<arg>${dropdown}</arg>
<arg>\\13</arg>
<doc>Simulates user pressing key on element identified by ``locator``.</doc>
<status status="PASS" start="2025-05-29T12:16:38.648655" elapsed="0.043184"/>
</kw>
<status status="PASS" start="2025-05-29T12:16:37.545718" elapsed="1.146411"/>
</kw>
<kw name="Clicar no botão Solicitar Relatório" owner="resource">
<kw name="Wait Until Element Is Visible" owner="SeleniumLibrary">
<arg>xpath=(//button[@data-testid="button-request-report" and not(@disabled) and not(ancestor::div[contains(@style,"display: none")])])[last()]</arg>
<arg>timeout=10s</arg>
<doc>Waits until the element ``locator`` is visible.</doc>
<status status="PASS" start="2025-05-29T12:16:38.694062" elapsed="0.015260"/>
</kw>
<kw name="Click Element" owner="SeleniumLibrary">
<msg time="2025-05-29T12:16:38.709784" level="INFO">Clicking element 'xpath=(//button[@data-testid="button-request-report" and not(@disabled) and not(ancestor::div[contains(@style,"display: none")])])[last()]'.</msg>
<arg>xpath=(//button[@data-testid="button-request-report" and not(@disabled) and not(ancestor::div[contains(@style,"display: none")])])[last()]</arg>
<doc>Click the element identified by ``locator``.</doc>
<status status="PASS" start="2025-05-29T12:16:38.709561" elapsed="0.042532"/>
</kw>
<kw name="Sleep" owner="BuiltIn">
<msg time="2025-05-29T12:16:39.755048" level="INFO">Slept 1 second.</msg>
<arg>1s</arg>
<doc>Pauses the test executed for the given time.</doc>
<status status="PASS" start="2025-05-29T12:16:38.752351" elapsed="1.002984"/>
</kw>
<status status="PASS" start="2025-05-29T12:16:38.693096" elapsed="1.062391"/>
</kw>
<kw name="Mensagem do front" owner="resource">
<kw name="Wait Until Element Is Visible" owner="SeleniumLibrary">
<arg>css=div.ant-notification-notice-message</arg>
<arg>timeout=10s</arg>
<doc>Waits until the element ``locator`` is visible.</doc>
<status status="PASS" start="2025-05-29T12:16:39.756220" elapsed="0.014911"/>
</kw>
<kw name="Element Should Contain" owner="SeleniumLibrary">
<msg time="2025-05-29T12:16:39.782078" level="INFO">Element 'css=div.ant-notification-notice-message' contains text 'Relatório solicitado com sucesso'.</msg>
<arg>css=div.ant-notification-notice-message</arg>
<arg>${mensagem}</arg>
<doc>Verifies that element ``locator`` contains text ``expected``.</doc>
<status status="PASS" start="2025-05-29T12:16:39.771396" elapsed="0.010875"/>
</kw>
<kw name="Sleep" owner="BuiltIn">
<msg time="2025-05-29T12:16:42.783666" level="INFO">Slept 3 seconds.</msg>
<arg>3s</arg>
<doc>Pauses the test executed for the given time.</doc>
<status status="PASS" start="2025-05-29T12:16:39.782445" elapsed="3.001809"/>
</kw>
<arg>Relatório solicitado com sucesso</arg>
<status status="PASS" start="2025-05-29T12:16:39.755844" elapsed="3.028744"/>
</kw>
<kw name="Fechar Browser" owner="resource">
<kw name="Sleep" owner="BuiltIn">
<msg time="2025-05-29T12:16:44.787030" level="INFO">Slept 2 seconds.</msg>
<arg>2s</arg>
<doc>Pauses the test executed for the given time.</doc>
<status status="PASS" start="2025-05-29T12:16:42.786096" elapsed="2.002297"/>
</kw>
<kw name="Close Browser" owner="SeleniumLibrary">
<doc>Closes the current browser.</doc>
<status status="PASS" start="2025-05-29T12:16:44.789481" elapsed="0.280309"/>
</kw>
<status status="PASS" start="2025-05-29T12:16:42.785369" elapsed="2.284653"/>
</kw>
<status status="PASS" start="2025-05-29T12:16:20.941920" elapsed="24.128347"/>
</test>
<doc>This is the first Robot Framework test suite.</doc>
<status status="FAIL" start="2025-05-29T12:10:03.462176" elapsed="401.608773"/>
</suite>
<statistics>
<total>
<stat pass="14" fail="1" skip="0">All Tests</stat>
</total>
<tag>
</tag>
<suite>
<stat name="Agro Test" id="s1" pass="14" fail="1" skip="0">Agro Test</stat>
</suite>
</statistics>
<errors>
<msg time="2025-05-29T12:14:37.043523" level="WARN">Keyword 'BuiltIn.Run Keyword Unless' is deprecated. </msg>
<msg time="2025-05-29T12:14:37.685727" level="WARN">Keyword 'BuiltIn.Run Keyword Unless' is deprecated. </msg>
<msg time="2025-05-29T12:14:37.700129" level="WARN">Keyword 'BuiltIn.Run Keyword Unless' is deprecated. </msg>
<msg time="2025-05-29T12:14:37.714058" level="WARN">Keyword 'BuiltIn.Run Keyword Unless' is deprecated. </msg>
</errors>
</robot>
